2025-06-09 17:29:35,604 - INFO - 开始处理分区数据
2025-06-09 17:29:35,604 - INFO - 写入文件: /Users/tianli/Downloads/zdwp/zdys_comby 2/data/01csv/01_NSPYQ(南沙).csv
2025-06-09 17:29:35,604 - INFO - 写入文件: /Users/tianli/Downloads/zdwp/zdys_comby 2/data/01csv/02_SSPYQ(蜀山).csv
2025-06-09 17:29:35,604 - INFO - 写入文件: /Users/tianli/Downloads/zdwp/zdys_comby 2/data/01csv/03_SYPYQ(绍虞).csv
2025-06-09 17:29:35,604 - INFO - 写入文件: /Users/tianli/Downloads/zdwp/zdys_comby 2/data/01csv/04_YBPYSHQ(虞北上).csv
2025-06-09 17:29:35,605 - INFO - 写入文件: /Users/tianli/Downloads/zdwp/zdys_comby 2/data/01csv/05_YBPYZHQ(虞北中).csv
2025-06-09 17:29:35,605 - INFO - 写入文件: /Users/tianli/Downloads/zdwp/zdys_comby 2/data/01csv/06_FHPYQ(丰惠).csv
2025-06-09 17:29:35,605 - INFO - 写入文件: /Users/tianli/Downloads/zdwp/zdys_comby 2/data/01csv/07_YYPYSHQ(余姚上).csv
2025-06-09 17:29:35,605 - INFO - 写入文件: /Users/tianli/Downloads/zdwp/zdys_comby 2/data/01csv/08_YYPYXHQ(余姚下).csv
2025-06-09 17:29:35,605 - INFO - 写入文件: /Users/tianli/Downloads/zdwp/zdys_comby 2/data/01csv/09_YYPYMZZHQ(余姚中).csv
2025-06-09 17:29:35,605 - INFO - 写入文件: /Users/tianli/Downloads/zdwp/zdys_comby 2/data/01csv/10_YYPYYJSYQ(余姚上游).csv
2025-06-09 17:29:35,605 - INFO - 写入文件: /Users/tianli/Downloads/zdwp/zdys_comby 2/data/01csv/11_YYPYYJXYQ(余姚下游).csv
2025-06-09 17:29:35,605 - INFO - 写入文件: /Users/tianli/Downloads/zdwp/zdys_comby 2/data/01csv/12_CXPYXHQ(慈溪西).csv
2025-06-09 17:29:35,605 - INFO - 写入文件: /Users/tianli/Downloads/zdwp/zdys_comby 2/data/01csv/13_CXPYZHQ(慈溪中).csv
2025-06-09 17:29:35,605 - INFO - 写入文件: /Users/tianli/Downloads/zdwp/zdys_comby 2/data/01csv/14_CXPYDHQ(慈溪东).csv
2025-06-09 17:29:35,605 - INFO - 写入文件: /Users/tianli/Downloads/zdwp/zdys_comby 2/data/01csv/15_JBZHPYQ(江北镇海).csv
2025-06-09 17:29:35,605 - INFO - 开始处理面积数据
2025-06-09 17:29:35,615 - INFO - 写入文件: /Users/tianli/Downloads/zdwp/zdys_comby 2/data/02area/gaihu.csv
2025-06-09 17:29:35,616 - INFO - 写入文件: /Users/tianli/Downloads/zdwp/zdys_comby 2/data/02area/fenqu.csv
2025-06-09 17:29:35,616 - INFO - 开始处理降雨系数数据
2025-06-09 17:29:35,632 - WARNING - 所有输入数据为0，为所有湖泊创建默认ggxs文件
2025-06-09 17:29:35,632 - INFO - 写入文件: /Users/tianli/Downloads/zdwp/zdys_comby 2/data/03ggxs/G184_ggxs.csv
2025-06-09 17:29:35,633 - INFO - 写入文件: /Users/tianli/Downloads/zdwp/zdys_comby 2/data/03ggxs/G184_ggxs.csv
2025-06-09 17:29:35,633 - INFO - 写入文件: /Users/tianli/Downloads/zdwp/zdys_comby 2/data/03ggxs/G185_ggxs.csv
2025-06-09 17:29:35,634 - INFO - 写入文件: /Users/tianli/Downloads/zdwp/zdys_comby 2/data/03ggxs/G185_ggxs.csv
2025-06-09 17:29:35,634 - INFO - 写入文件: /Users/tianli/Downloads/zdwp/zdys_comby 2/data/03ggxs/G186_ggxs.csv
2025-06-09 17:29:35,634 - INFO - 写入文件: /Users/tianli/Downloads/zdwp/zdys_comby 2/data/03ggxs/G186_ggxs.csv
2025-06-09 17:29:35,634 - INFO - 写入文件: /Users/tianli/Downloads/zdwp/zdys_comby 2/data/03ggxs/G187_ggxs.csv
2025-06-09 17:29:35,635 - INFO - 写入文件: /Users/tianli/Downloads/zdwp/zdys_comby 2/data/03ggxs/G187_ggxs.csv
2025-06-09 17:29:35,635 - INFO - 写入文件: /Users/tianli/Downloads/zdwp/zdys_comby 2/data/03ggxs/G188_ggxs.csv
2025-06-09 17:29:35,635 - INFO - 写入文件: /Users/tianli/Downloads/zdwp/zdys_comby 2/data/03ggxs/G188_ggxs.csv
2025-06-09 17:29:35,636 - INFO - 写入文件: /Users/tianli/Downloads/zdwp/zdys_comby 2/data/03ggxs/G189_ggxs.csv
2025-06-09 17:29:35,636 - INFO - 写入文件: /Users/tianli/Downloads/zdwp/zdys_comby 2/data/03ggxs/G189_ggxs.csv
2025-06-09 17:29:35,636 - INFO - 写入文件: /Users/tianli/Downloads/zdwp/zdys_comby 2/data/03ggxs/G190_ggxs.csv
2025-06-09 17:29:35,637 - INFO - 写入文件: /Users/tianli/Downloads/zdwp/zdys_comby 2/data/03ggxs/G190_ggxs.csv
2025-06-09 17:29:35,637 - INFO - 写入文件: /Users/tianli/Downloads/zdwp/zdys_comby 2/data/03ggxs/G191_ggxs.csv
2025-06-09 17:29:35,637 - INFO - 写入文件: /Users/tianli/Downloads/zdwp/zdys_comby 2/data/03ggxs/G191_ggxs.csv
2025-06-09 17:29:35,637 - INFO - 写入文件: /Users/tianli/Downloads/zdwp/zdys_comby 2/data/03ggxs/G192_ggxs.csv
2025-06-09 17:29:35,638 - INFO - 写入文件: /Users/tianli/Downloads/zdwp/zdys_comby 2/data/03ggxs/G192_ggxs.csv
2025-06-09 17:29:35,638 - INFO - 写入文件: /Users/tianli/Downloads/zdwp/zdys_comby 2/data/03ggxs/G193_ggxs.csv
2025-06-09 17:29:35,638 - INFO - 写入文件: /Users/tianli/Downloads/zdwp/zdys_comby 2/data/03ggxs/G193_ggxs.csv
2025-06-09 17:29:35,639 - INFO - 写入文件: /Users/tianli/Downloads/zdwp/zdys_comby 2/data/03ggxs/G194_ggxs.csv
2025-06-09 17:29:35,639 - INFO - 写入文件: /Users/tianli/Downloads/zdwp/zdys_comby 2/data/03ggxs/G194_ggxs.csv
2025-06-09 17:29:35,639 - INFO - 写入文件: /Users/tianli/Downloads/zdwp/zdys_comby 2/data/03ggxs/G195_ggxs.csv
2025-06-09 17:29:35,640 - INFO - 写入文件: /Users/tianli/Downloads/zdwp/zdys_comby 2/data/03ggxs/G195_ggxs.csv
2025-06-09 17:29:35,640 - INFO - 写入文件: /Users/tianli/Downloads/zdwp/zdys_comby 2/data/03ggxs/G196_ggxs.csv
2025-06-09 17:29:35,640 - INFO - 写入文件: /Users/tianli/Downloads/zdwp/zdys_comby 2/data/03ggxs/G196_ggxs.csv
2025-06-09 17:29:35,640 - INFO - 写入文件: /Users/tianli/Downloads/zdwp/zdys_comby 2/data/03ggxs/G197_ggxs.csv
2025-06-09 17:29:35,641 - INFO - 写入文件: /Users/tianli/Downloads/zdwp/zdys_comby 2/data/03ggxs/G197_ggxs.csv
2025-06-09 17:29:35,641 - INFO - 写入文件: /Users/tianli/Downloads/zdwp/zdys_comby 2/data/03ggxs/G161_ggxs.csv
2025-06-09 17:29:35,641 - INFO - 写入文件: /Users/tianli/Downloads/zdwp/zdys_comby 2/data/03ggxs/G161_ggxs.csv
2025-06-09 17:29:35,642 - INFO - 写入文件: /Users/tianli/Downloads/zdwp/zdys_comby 2/data/03ggxs/G162_ggxs.csv
2025-06-09 17:29:35,642 - INFO - 写入文件: /Users/tianli/Downloads/zdwp/zdys_comby 2/data/03ggxs/G162_ggxs.csv
2025-06-09 17:29:35,642 - INFO - 写入文件: /Users/tianli/Downloads/zdwp/zdys_comby 2/data/03ggxs/G163_ggxs.csv
2025-06-09 17:29:35,643 - INFO - 写入文件: /Users/tianli/Downloads/zdwp/zdys_comby 2/data/03ggxs/G163_ggxs.csv
2025-06-09 17:29:35,643 - INFO - 写入文件: /Users/tianli/Downloads/zdwp/zdys_comby 2/data/03ggxs/G164_ggxs.csv
2025-06-09 17:29:35,643 - INFO - 写入文件: /Users/tianli/Downloads/zdwp/zdys_comby 2/data/03ggxs/G164_ggxs.csv
2025-06-09 17:29:35,643 - INFO - 写入文件: /Users/tianli/Downloads/zdwp/zdys_comby 2/data/03ggxs/G165_ggxs.csv
2025-06-09 17:29:35,644 - INFO - 写入文件: /Users/tianli/Downloads/zdwp/zdys_comby 2/data/03ggxs/G165_ggxs.csv
2025-06-09 17:29:35,644 - INFO - 写入文件: /Users/tianli/Downloads/zdwp/zdys_comby 2/data/03ggxs/G167_ggxs.csv
2025-06-09 17:29:35,645 - INFO - 写入文件: /Users/tianli/Downloads/zdwp/zdys_comby 2/data/03ggxs/G167_ggxs.csv
2025-06-09 17:29:35,645 - INFO - 写入文件: /Users/tianli/Downloads/zdwp/zdys_comby 2/data/03ggxs/G168_ggxs.csv
2025-06-09 17:29:35,645 - INFO - 写入文件: /Users/tianli/Downloads/zdwp/zdys_comby 2/data/03ggxs/G168_ggxs.csv
2025-06-09 17:29:35,645 - INFO - 写入文件: /Users/tianli/Downloads/zdwp/zdys_comby 2/data/03ggxs/G169_ggxs.csv
2025-06-09 17:29:35,646 - INFO - 写入文件: /Users/tianli/Downloads/zdwp/zdys_comby 2/data/03ggxs/G169_ggxs.csv
2025-06-09 17:29:35,646 - INFO - 写入文件: /Users/tianli/Downloads/zdwp/zdys_comby 2/data/03ggxs/G170_ggxs.csv
2025-06-09 17:29:35,646 - INFO - 写入文件: /Users/tianli/Downloads/zdwp/zdys_comby 2/data/03ggxs/G170_ggxs.csv
2025-06-09 17:29:35,646 - INFO - 写入文件: /Users/tianli/Downloads/zdwp/zdys_comby 2/data/03ggxs/G171_ggxs.csv
2025-06-09 17:29:35,647 - INFO - 写入文件: /Users/tianli/Downloads/zdwp/zdys_comby 2/data/03ggxs/G171_ggxs.csv
2025-06-09 17:29:35,647 - INFO - 写入文件: /Users/tianli/Downloads/zdwp/zdys_comby 2/data/03ggxs/G172_ggxs.csv
2025-06-09 17:29:35,647 - INFO - 写入文件: /Users/tianli/Downloads/zdwp/zdys_comby 2/data/03ggxs/G172_ggxs.csv
2025-06-09 17:29:35,648 - INFO - 写入文件: /Users/tianli/Downloads/zdwp/zdys_comby 2/data/03ggxs/G173_ggxs.csv
2025-06-09 17:29:35,648 - INFO - 写入文件: /Users/tianli/Downloads/zdwp/zdys_comby 2/data/03ggxs/G173_ggxs.csv
2025-06-09 17:29:35,648 - INFO - 写入文件: /Users/tianli/Downloads/zdwp/zdys_comby 2/data/03ggxs/G201_ggxs.csv
2025-06-09 17:29:35,649 - INFO - 写入文件: /Users/tianli/Downloads/zdwp/zdys_comby 2/data/03ggxs/G201_ggxs.csv
2025-06-09 17:29:35,649 - INFO - 写入文件: /Users/tianli/Downloads/zdwp/zdys_comby 2/data/03ggxs/G202_ggxs.csv
2025-06-09 17:29:35,649 - INFO - 写入文件: /Users/tianli/Downloads/zdwp/zdys_comby 2/data/03ggxs/G202_ggxs.csv
2025-06-09 17:29:35,649 - INFO - 写入文件: /Users/tianli/Downloads/zdwp/zdys_comby 2/data/03ggxs/G133_ggxs.csv
2025-06-09 17:29:35,650 - INFO - 写入文件: /Users/tianli/Downloads/zdwp/zdys_comby 2/data/03ggxs/G133_ggxs.csv
2025-06-09 17:29:35,650 - INFO - 写入文件: /Users/tianli/Downloads/zdwp/zdys_comby 2/data/03ggxs/G137_ggxs.csv
2025-06-09 17:29:35,650 - INFO - 写入文件: /Users/tianli/Downloads/zdwp/zdys_comby 2/data/03ggxs/G137_ggxs.csv
2025-06-09 17:29:35,651 - INFO - 写入文件: /Users/tianli/Downloads/zdwp/zdys_comby 2/data/03ggxs/G138_ggxs.csv
2025-06-09 17:29:35,651 - INFO - 写入文件: /Users/tianli/Downloads/zdwp/zdys_comby 2/data/03ggxs/G138_ggxs.csv
2025-06-09 17:29:35,651 - INFO - 写入文件: /Users/tianli/Downloads/zdwp/zdys_comby 2/data/03ggxs/G205_ggxs.csv
2025-06-09 17:29:35,652 - INFO - 写入文件: /Users/tianli/Downloads/zdwp/zdys_comby 2/data/03ggxs/G205_ggxs.csv
2025-06-09 17:29:35,652 - INFO - 写入文件: /Users/tianli/Downloads/zdwp/zdys_comby 2/data/03ggxs/G206_ggxs.csv
2025-06-09 17:29:35,652 - INFO - 写入文件: /Users/tianli/Downloads/zdwp/zdys_comby 2/data/03ggxs/G206_ggxs.csv
2025-06-09 17:29:35,652 - INFO - 写入文件: /Users/tianli/Downloads/zdwp/zdys_comby 2/data/03ggxs/G007_ggxs.csv
2025-06-09 17:29:35,653 - INFO - 写入文件: /Users/tianli/Downloads/zdwp/zdys_comby 2/data/03ggxs/G007_ggxs.csv
2025-06-09 17:29:35,653 - INFO - 写入文件: /Users/tianli/Downloads/zdwp/zdys_comby 2/data/03ggxs/G008_ggxs.csv
2025-06-09 17:29:35,653 - INFO - 写入文件: /Users/tianli/Downloads/zdwp/zdys_comby 2/data/03ggxs/G008_ggxs.csv
2025-06-09 17:29:35,654 - INFO - 写入文件: /Users/tianli/Downloads/zdwp/zdys_comby 2/data/03ggxs/G021_ggxs.csv
2025-06-09 17:29:35,654 - INFO - 写入文件: /Users/tianli/Downloads/zdwp/zdys_comby 2/data/03ggxs/G021_ggxs.csv
2025-06-09 17:29:35,654 - INFO - 写入文件: /Users/tianli/Downloads/zdwp/zdys_comby 2/data/03ggxs/G022_ggxs.csv
2025-06-09 17:29:35,655 - INFO - 写入文件: /Users/tianli/Downloads/zdwp/zdys_comby 2/data/03ggxs/G022_ggxs.csv
2025-06-09 17:29:35,655 - INFO - 写入文件: /Users/tianli/Downloads/zdwp/zdys_comby 2/data/03ggxs/G023_ggxs.csv
2025-06-09 17:29:35,655 - INFO - 写入文件: /Users/tianli/Downloads/zdwp/zdys_comby 2/data/03ggxs/G023_ggxs.csv
2025-06-09 17:29:35,656 - INFO - 写入文件: /Users/tianli/Downloads/zdwp/zdys_comby 2/data/03ggxs/G024_ggxs.csv
2025-06-09 17:29:35,656 - INFO - 写入文件: /Users/tianli/Downloads/zdwp/zdys_comby 2/data/03ggxs/G024_ggxs.csv
2025-06-09 17:29:35,656 - INFO - 写入文件: /Users/tianli/Downloads/zdwp/zdys_comby 2/data/03ggxs/G025_ggxs.csv
2025-06-09 17:29:35,657 - INFO - 写入文件: /Users/tianli/Downloads/zdwp/zdys_comby 2/data/03ggxs/G025_ggxs.csv
2025-06-09 17:29:35,657 - INFO - 写入文件: /Users/tianli/Downloads/zdwp/zdys_comby 2/data/03ggxs/G026_ggxs.csv
2025-06-09 17:29:35,657 - INFO - 写入文件: /Users/tianli/Downloads/zdwp/zdys_comby 2/data/03ggxs/G026_ggxs.csv
2025-06-09 17:29:35,657 - INFO - 写入文件: /Users/tianli/Downloads/zdwp/zdys_comby 2/data/03ggxs/G041_ggxs.csv
2025-06-09 17:29:35,658 - INFO - 写入文件: /Users/tianli/Downloads/zdwp/zdys_comby 2/data/03ggxs/G041_ggxs.csv
2025-06-09 17:29:35,658 - INFO - 写入文件: /Users/tianli/Downloads/zdwp/zdys_comby 2/data/03ggxs/G042_ggxs.csv
2025-06-09 17:29:35,658 - INFO - 写入文件: /Users/tianli/Downloads/zdwp/zdys_comby 2/data/03ggxs/G042_ggxs.csv
2025-06-09 17:29:35,659 - INFO - 写入文件: /Users/tianli/Downloads/zdwp/zdys_comby 2/data/03ggxs/G043_ggxs.csv
2025-06-09 17:29:35,659 - INFO - 写入文件: /Users/tianli/Downloads/zdwp/zdys_comby 2/data/03ggxs/G043_ggxs.csv
2025-06-09 17:29:35,659 - INFO - 写入文件: /Users/tianli/Downloads/zdwp/zdys_comby 2/data/03ggxs/G044_ggxs.csv
2025-06-09 17:29:35,660 - INFO - 写入文件: /Users/tianli/Downloads/zdwp/zdys_comby 2/data/03ggxs/G044_ggxs.csv
2025-06-09 17:29:35,660 - INFO - 写入文件: /Users/tianli/Downloads/zdwp/zdys_comby 2/data/03ggxs/G045_ggxs.csv
2025-06-09 17:29:35,660 - INFO - 写入文件: /Users/tianli/Downloads/zdwp/zdys_comby 2/data/03ggxs/G045_ggxs.csv
2025-06-09 17:29:35,660 - INFO - 写入文件: /Users/tianli/Downloads/zdwp/zdys_comby 2/data/03ggxs/G046_ggxs.csv
2025-06-09 17:29:35,661 - INFO - 写入文件: /Users/tianli/Downloads/zdwp/zdys_comby 2/data/03ggxs/G046_ggxs.csv
2025-06-09 17:29:35,661 - INFO - 写入文件: /Users/tianli/Downloads/zdwp/zdys_comby 2/data/03ggxs/G047_ggxs.csv
2025-06-09 17:29:35,661 - INFO - 写入文件: /Users/tianli/Downloads/zdwp/zdys_comby 2/data/03ggxs/G047_ggxs.csv
2025-06-09 17:29:35,662 - INFO - 写入文件: /Users/tianli/Downloads/zdwp/zdys_comby 2/data/03ggxs/G048_ggxs.csv
2025-06-09 17:29:35,662 - INFO - 写入文件: /Users/tianli/Downloads/zdwp/zdys_comby 2/data/03ggxs/G048_ggxs.csv
2025-06-09 17:29:35,663 - INFO - 写入文件: /Users/tianli/Downloads/zdwp/zdys_comby 2/data/03ggxs/G049_ggxs.csv
2025-06-09 17:29:35,663 - INFO - 写入文件: /Users/tianli/Downloads/zdwp/zdys_comby 2/data/03ggxs/G049_ggxs.csv
2025-06-09 17:29:35,663 - INFO - 写入文件: /Users/tianli/Downloads/zdwp/zdys_comby 2/data/03ggxs/G050_ggxs.csv
2025-06-09 17:29:35,664 - INFO - 写入文件: /Users/tianli/Downloads/zdwp/zdys_comby 2/data/03ggxs/G050_ggxs.csv
2025-06-09 17:29:35,664 - INFO - 写入文件: /Users/tianli/Downloads/zdwp/zdys_comby 2/data/03ggxs/G051_ggxs.csv
2025-06-09 17:29:35,664 - INFO - 写入文件: /Users/tianli/Downloads/zdwp/zdys_comby 2/data/03ggxs/G051_ggxs.csv
2025-06-09 17:29:35,664 - INFO - 写入文件: /Users/tianli/Downloads/zdwp/zdys_comby 2/data/03ggxs/G052_ggxs.csv
2025-06-09 17:29:35,665 - INFO - 写入文件: /Users/tianli/Downloads/zdwp/zdys_comby 2/data/03ggxs/G052_ggxs.csv
2025-06-09 17:29:35,665 - INFO - 写入文件: /Users/tianli/Downloads/zdwp/zdys_comby 2/data/03ggxs/G053_ggxs.csv
2025-06-09 17:29:35,665 - INFO - 写入文件: /Users/tianli/Downloads/zdwp/zdys_comby 2/data/03ggxs/G053_ggxs.csv
2025-06-09 17:29:35,666 - INFO - 写入文件: /Users/tianli/Downloads/zdwp/zdys_comby 2/data/03ggxs/G054_ggxs.csv
2025-06-09 17:29:35,666 - INFO - 写入文件: /Users/tianli/Downloads/zdwp/zdys_comby 2/data/03ggxs/G054_ggxs.csv
2025-06-09 17:29:35,666 - INFO - 写入文件: /Users/tianli/Downloads/zdwp/zdys_comby 2/data/03ggxs/G055_ggxs.csv
2025-06-09 17:29:35,667 - INFO - 写入文件: /Users/tianli/Downloads/zdwp/zdys_comby 2/data/03ggxs/G055_ggxs.csv
2025-06-09 17:29:35,667 - INFO - 写入文件: /Users/tianli/Downloads/zdwp/zdys_comby 2/data/03ggxs/G056_ggxs.csv
2025-06-09 17:29:35,667 - INFO - 写入文件: /Users/tianli/Downloads/zdwp/zdys_comby 2/data/03ggxs/G056_ggxs.csv
2025-06-09 17:29:35,667 - INFO - 写入文件: /Users/tianli/Downloads/zdwp/zdys_comby 2/data/03ggxs/G057_ggxs.csv
2025-06-09 17:29:35,668 - INFO - 写入文件: /Users/tianli/Downloads/zdwp/zdys_comby 2/data/03ggxs/G057_ggxs.csv
2025-06-09 17:29:35,668 - INFO - 写入文件: /Users/tianli/Downloads/zdwp/zdys_comby 2/data/03ggxs/G058_ggxs.csv
2025-06-09 17:29:35,668 - INFO - 写入文件: /Users/tianli/Downloads/zdwp/zdys_comby 2/data/03ggxs/G058_ggxs.csv
2025-06-09 17:29:35,669 - INFO - 写入文件: /Users/tianli/Downloads/zdwp/zdys_comby 2/data/03ggxs/G059_ggxs.csv
2025-06-09 17:29:35,669 - INFO - 写入文件: /Users/tianli/Downloads/zdwp/zdys_comby 2/data/03ggxs/G059_ggxs.csv
2025-06-09 17:29:35,669 - INFO - 写入文件: /Users/tianli/Downloads/zdwp/zdys_comby 2/data/03ggxs/G060_ggxs.csv
2025-06-09 17:29:35,670 - INFO - 写入文件: /Users/tianli/Downloads/zdwp/zdys_comby 2/data/03ggxs/G060_ggxs.csv
2025-06-09 17:29:35,670 - INFO - 写入文件: /Users/tianli/Downloads/zdwp/zdys_comby 2/data/03ggxs/G061_ggxs.csv
2025-06-09 17:29:35,670 - INFO - 写入文件: /Users/tianli/Downloads/zdwp/zdys_comby 2/data/03ggxs/G061_ggxs.csv
2025-06-09 17:29:35,670 - INFO - 写入文件: /Users/tianli/Downloads/zdwp/zdys_comby 2/data/03ggxs/G062_ggxs.csv
2025-06-09 17:29:35,671 - INFO - 写入文件: /Users/tianli/Downloads/zdwp/zdys_comby 2/data/03ggxs/G062_ggxs.csv
2025-06-09 17:29:35,671 - INFO - 写入文件: /Users/tianli/Downloads/zdwp/zdys_comby 2/data/03ggxs/G063_ggxs.csv
2025-06-09 17:29:35,671 - INFO - 写入文件: /Users/tianli/Downloads/zdwp/zdys_comby 2/data/03ggxs/G063_ggxs.csv
2025-06-09 17:29:35,672 - INFO - 写入文件: /Users/tianli/Downloads/zdwp/zdys_comby 2/data/03ggxs/G064_ggxs.csv
2025-06-09 17:29:35,672 - INFO - 写入文件: /Users/tianli/Downloads/zdwp/zdys_comby 2/data/03ggxs/G064_ggxs.csv
2025-06-09 17:29:35,672 - INFO - 写入文件: /Users/tianli/Downloads/zdwp/zdys_comby 2/data/03ggxs/G065_ggxs.csv
2025-06-09 17:29:35,673 - INFO - 写入文件: /Users/tianli/Downloads/zdwp/zdys_comby 2/data/03ggxs/G065_ggxs.csv
2025-06-09 17:29:35,673 - INFO - 写入文件: /Users/tianli/Downloads/zdwp/zdys_comby 2/data/03ggxs/G066_ggxs.csv
2025-06-09 17:29:35,673 - INFO - 写入文件: /Users/tianli/Downloads/zdwp/zdys_comby 2/data/03ggxs/G066_ggxs.csv
2025-06-09 17:29:35,674 - INFO - 写入文件: /Users/tianli/Downloads/zdwp/zdys_comby 2/data/03ggxs/G067_ggxs.csv
2025-06-09 17:29:35,674 - INFO - 写入文件: /Users/tianli/Downloads/zdwp/zdys_comby 2/data/03ggxs/G067_ggxs.csv
2025-06-09 17:29:35,675 - INFO - 写入文件: /Users/tianli/Downloads/zdwp/zdys_comby 2/data/03ggxs/G068_ggxs.csv
2025-06-09 17:29:35,675 - INFO - 写入文件: /Users/tianli/Downloads/zdwp/zdys_comby 2/data/03ggxs/G068_ggxs.csv
2025-06-09 17:29:35,675 - INFO - 写入文件: /Users/tianli/Downloads/zdwp/zdys_comby 2/data/03ggxs/G069_ggxs.csv
2025-06-09 17:29:35,676 - INFO - 写入文件: /Users/tianli/Downloads/zdwp/zdys_comby 2/data/03ggxs/G069_ggxs.csv
2025-06-09 17:29:35,676 - INFO - 写入文件: /Users/tianli/Downloads/zdwp/zdys_comby 2/data/03ggxs/G070_ggxs.csv
2025-06-09 17:29:35,676 - INFO - 写入文件: /Users/tianli/Downloads/zdwp/zdys_comby 2/data/03ggxs/G070_ggxs.csv
2025-06-09 17:29:35,676 - INFO - 写入文件: /Users/tianli/Downloads/zdwp/zdys_comby 2/data/03ggxs/G211_ggxs.csv
2025-06-09 17:29:35,677 - INFO - 写入文件: /Users/tianli/Downloads/zdwp/zdys_comby 2/data/03ggxs/G211_ggxs.csv
2025-06-09 17:29:35,677 - INFO - 写入文件: /Users/tianli/Downloads/zdwp/zdys_comby 2/data/03ggxs/G212_ggxs.csv
2025-06-09 17:29:35,677 - INFO - 写入文件: /Users/tianli/Downloads/zdwp/zdys_comby 2/data/03ggxs/G212_ggxs.csv
2025-06-09 17:29:35,678 - INFO - 写入文件: /Users/tianli/Downloads/zdwp/zdys_comby 2/data/03ggxs/G213_ggxs.csv
2025-06-09 17:29:35,678 - INFO - 写入文件: /Users/tianli/Downloads/zdwp/zdys_comby 2/data/03ggxs/G213_ggxs.csv
2025-06-09 17:29:35,678 - INFO - 写入文件: /Users/tianli/Downloads/zdwp/zdys_comby 2/data/03ggxs/G214_ggxs.csv
2025-06-09 17:29:35,679 - INFO - 写入文件: /Users/tianli/Downloads/zdwp/zdys_comby 2/data/03ggxs/G214_ggxs.csv
2025-06-09 17:29:35,679 - INFO - 写入文件: /Users/tianli/Downloads/zdwp/zdys_comby 2/data/03ggxs/G215_ggxs.csv
2025-06-09 17:29:35,679 - INFO - 写入文件: /Users/tianli/Downloads/zdwp/zdys_comby 2/data/03ggxs/G215_ggxs.csv
2025-06-09 17:29:35,679 - INFO - 写入文件: /Users/tianli/Downloads/zdwp/zdys_comby 2/data/03ggxs/G144_ggxs.csv
2025-06-09 17:29:35,680 - INFO - 写入文件: /Users/tianli/Downloads/zdwp/zdys_comby 2/data/03ggxs/G144_ggxs.csv
2025-06-09 17:29:35,680 - INFO - 写入文件: /Users/tianli/Downloads/zdwp/zdys_comby 2/data/03ggxs/G145_ggxs.csv
2025-06-09 17:29:35,680 - INFO - 写入文件: /Users/tianli/Downloads/zdwp/zdys_comby 2/data/03ggxs/G145_ggxs.csv
2025-06-09 17:29:35,680 - INFO - 写入文件: /Users/tianli/Downloads/zdwp/zdys_comby 2/data/03ggxs/G146_ggxs.csv
2025-06-09 17:29:35,681 - INFO - 写入文件: /Users/tianli/Downloads/zdwp/zdys_comby 2/data/03ggxs/G146_ggxs.csv
2025-06-09 17:29:35,681 - INFO - 写入文件: /Users/tianli/Downloads/zdwp/zdys_comby 2/data/03ggxs/G149_ggxs.csv
2025-06-09 17:29:35,682 - INFO - 写入文件: /Users/tianli/Downloads/zdwp/zdys_comby 2/data/03ggxs/G149_ggxs.csv
2025-06-09 17:29:35,682 - INFO - 写入文件: /Users/tianli/Downloads/zdwp/zdys_comby 2/data/03ggxs/G152_ggxs.csv
2025-06-09 17:29:35,682 - INFO - 写入文件: /Users/tianli/Downloads/zdwp/zdys_comby 2/data/03ggxs/G152_ggxs.csv
2025-06-09 17:29:35,682 - INFO - 写入文件: /Users/tianli/Downloads/zdwp/zdys_comby 2/data/03ggxs/G221_ggxs.csv
2025-06-09 17:29:35,683 - INFO - 写入文件: /Users/tianli/Downloads/zdwp/zdys_comby 2/data/03ggxs/G221_ggxs.csv
2025-06-09 17:29:35,683 - INFO - 写入文件: /Users/tianli/Downloads/zdwp/zdys_comby 2/data/03ggxs/G222_ggxs.csv
2025-06-09 17:29:35,683 - INFO - 写入文件: /Users/tianli/Downloads/zdwp/zdys_comby 2/data/03ggxs/G222_ggxs.csv
2025-06-09 17:29:35,683 - INFO - 写入文件: /Users/tianli/Downloads/zdwp/zdys_comby 2/data/03ggxs/G123_ggxs.csv
2025-06-09 17:29:35,684 - INFO - 写入文件: /Users/tianli/Downloads/zdwp/zdys_comby 2/data/03ggxs/G123_ggxs.csv
2025-06-09 17:29:35,684 - INFO - 写入文件: /Users/tianli/Downloads/zdwp/zdys_comby 2/data/03ggxs/G124_ggxs.csv
2025-06-09 17:29:35,684 - INFO - 写入文件: /Users/tianli/Downloads/zdwp/zdys_comby 2/data/03ggxs/G124_ggxs.csv
2025-06-09 17:29:35,685 - INFO - 写入文件: /Users/tianli/Downloads/zdwp/zdys_comby 2/data/03ggxs/G126_ggxs.csv
2025-06-09 17:29:35,685 - INFO - 写入文件: /Users/tianli/Downloads/zdwp/zdys_comby 2/data/03ggxs/G126_ggxs.csv
2025-06-09 17:29:35,685 - INFO - 写入文件: /Users/tianli/Downloads/zdwp/zdys_comby 2/data/03ggxs/G127_ggxs.csv
2025-06-09 17:29:35,686 - INFO - 写入文件: /Users/tianli/Downloads/zdwp/zdys_comby 2/data/03ggxs/G127_ggxs.csv
2025-06-09 17:29:35,686 - INFO - 写入文件: /Users/tianli/Downloads/zdwp/zdys_comby 2/data/03ggxs/G147_ggxs.csv
2025-06-09 17:29:35,686 - INFO - 写入文件: /Users/tianli/Downloads/zdwp/zdys_comby 2/data/03ggxs/G147_ggxs.csv
2025-06-09 17:29:35,686 - INFO - 写入文件: /Users/tianli/Downloads/zdwp/zdys_comby 2/data/03ggxs/G148_ggxs.csv
2025-06-09 17:29:35,687 - INFO - 写入文件: /Users/tianli/Downloads/zdwp/zdys_comby 2/data/03ggxs/G148_ggxs.csv
2025-06-09 17:29:35,687 - INFO - 写入文件: /Users/tianli/Downloads/zdwp/zdys_comby 2/data/03ggxs/G200_ggxs.csv
2025-06-09 17:29:35,687 - INFO - 写入文件: /Users/tianli/Downloads/zdwp/zdys_comby 2/data/03ggxs/G200_ggxs.csv
2025-06-09 17:29:35,688 - INFO - 写入文件: /Users/tianli/Downloads/zdwp/zdys_comby 2/data/03ggxs/G174_ggxs.csv
2025-06-09 17:29:35,688 - INFO - 写入文件: /Users/tianli/Downloads/zdwp/zdys_comby 2/data/03ggxs/G174_ggxs.csv
2025-06-09 17:29:35,688 - INFO - 写入文件: /Users/tianli/Downloads/zdwp/zdys_comby 2/data/03ggxs/G175_ggxs.csv
2025-06-09 17:29:35,689 - INFO - 写入文件: /Users/tianli/Downloads/zdwp/zdys_comby 2/data/03ggxs/G175_ggxs.csv
2025-06-09 17:29:35,689 - INFO - 写入文件: /Users/tianli/Downloads/zdwp/zdys_comby 2/data/03ggxs/G176_ggxs.csv
2025-06-09 17:29:35,689 - INFO - 写入文件: /Users/tianli/Downloads/zdwp/zdys_comby 2/data/03ggxs/G176_ggxs.csv
2025-06-09 17:29:35,689 - INFO - 写入文件: /Users/tianli/Downloads/zdwp/zdys_comby 2/data/03ggxs/G177_ggxs.csv
2025-06-09 17:29:35,690 - INFO - 写入文件: /Users/tianli/Downloads/zdwp/zdys_comby 2/data/03ggxs/G177_ggxs.csv
2025-06-09 17:29:35,690 - INFO - 写入文件: /Users/tianli/Downloads/zdwp/zdys_comby 2/data/03ggxs/G178_ggxs.csv
2025-06-09 17:29:35,690 - INFO - 写入文件: /Users/tianli/Downloads/zdwp/zdys_comby 2/data/03ggxs/G178_ggxs.csv
2025-06-09 17:29:35,691 - INFO - 写入文件: /Users/tianli/Downloads/zdwp/zdys_comby 2/data/03ggxs/G179_ggxs.csv
2025-06-09 17:29:35,691 - INFO - 写入文件: /Users/tianli/Downloads/zdwp/zdys_comby 2/data/03ggxs/G179_ggxs.csv
2025-06-09 17:29:35,691 - INFO - 写入文件: /Users/tianli/Downloads/zdwp/zdys_comby 2/data/03ggxs/G180_ggxs.csv
2025-06-09 17:29:35,692 - INFO - 写入文件: /Users/tianli/Downloads/zdwp/zdys_comby 2/data/03ggxs/G180_ggxs.csv
2025-06-09 17:29:35,692 - INFO - 写入文件: /Users/tianli/Downloads/zdwp/zdys_comby 2/data/03ggxs/G181_ggxs.csv
2025-06-09 17:29:35,692 - INFO - 写入文件: /Users/tianli/Downloads/zdwp/zdys_comby 2/data/03ggxs/G181_ggxs.csv
2025-06-09 17:29:35,692 - INFO - 写入文件: /Users/tianli/Downloads/zdwp/zdys_comby 2/data/03ggxs/G182_ggxs.csv
2025-06-09 17:29:35,693 - INFO - 写入文件: /Users/tianli/Downloads/zdwp/zdys_comby 2/data/03ggxs/G182_ggxs.csv
2025-06-09 17:29:35,693 - INFO - 写入文件: /Users/tianli/Downloads/zdwp/zdys_comby 2/data/03ggxs/G183_ggxs.csv
2025-06-09 17:29:35,693 - INFO - 写入文件: /Users/tianli/Downloads/zdwp/zdys_comby 2/data/03ggxs/G183_ggxs.csv
2025-06-09 17:29:35,694 - INFO - 写入文件: /Users/tianli/Downloads/zdwp/zdys_comby 2/data/03ggxs/G224_ggxs.csv
2025-06-09 17:29:35,694 - INFO - 写入文件: /Users/tianli/Downloads/zdwp/zdys_comby 2/data/03ggxs/G224_ggxs.csv
2025-06-09 17:29:35,694 - INFO - 写入文件: /Users/tianli/Downloads/zdwp/zdys_comby 2/data/03ggxs/G225_ggxs.csv
2025-06-09 17:29:35,695 - INFO - 写入文件: /Users/tianli/Downloads/zdwp/zdys_comby 2/data/03ggxs/G225_ggxs.csv
2025-06-09 17:29:35,695 - INFO - 写入文件: /Users/tianli/Downloads/zdwp/zdys_comby 2/data/03ggxs/G226_ggxs.csv
2025-06-09 17:29:35,695 - INFO - 写入文件: /Users/tianli/Downloads/zdwp/zdys_comby 2/data/03ggxs/G226_ggxs.csv
2025-06-09 17:29:35,695 - INFO - 写入文件: /Users/tianli/Downloads/zdwp/zdys_comby 2/data/03ggxs/G096_ggxs.csv
2025-06-09 17:29:35,696 - INFO - 写入文件: /Users/tianli/Downloads/zdwp/zdys_comby 2/data/03ggxs/G096_ggxs.csv
2025-06-09 17:29:35,696 - INFO - 写入文件: /Users/tianli/Downloads/zdwp/zdys_comby 2/data/03ggxs/G097_ggxs.csv
2025-06-09 17:29:35,696 - INFO - 写入文件: /Users/tianli/Downloads/zdwp/zdys_comby 2/data/03ggxs/G097_ggxs.csv
2025-06-09 17:29:35,696 - INFO - 写入文件: /Users/tianli/Downloads/zdwp/zdys_comby 2/data/03ggxs/G098_ggxs.csv
2025-06-09 17:29:35,697 - INFO - 写入文件: /Users/tianli/Downloads/zdwp/zdys_comby 2/data/03ggxs/G098_ggxs.csv
2025-06-09 17:29:35,697 - INFO - 写入文件: /Users/tianli/Downloads/zdwp/zdys_comby 2/data/03ggxs/G099_ggxs.csv
2025-06-09 17:29:35,698 - INFO - 写入文件: /Users/tianli/Downloads/zdwp/zdys_comby 2/data/03ggxs/G099_ggxs.csv
2025-06-09 17:29:35,698 - INFO - 写入文件: /Users/tianli/Downloads/zdwp/zdys_comby 2/data/03ggxs/G100_ggxs.csv
2025-06-09 17:29:35,698 - INFO - 写入文件: /Users/tianli/Downloads/zdwp/zdys_comby 2/data/03ggxs/G100_ggxs.csv
2025-06-09 17:29:35,698 - INFO - 写入文件: /Users/tianli/Downloads/zdwp/zdys_comby 2/data/03ggxs/G101_ggxs.csv
2025-06-09 17:29:35,699 - INFO - 写入文件: /Users/tianli/Downloads/zdwp/zdys_comby 2/data/03ggxs/G101_ggxs.csv
2025-06-09 17:29:35,699 - INFO - 写入文件: /Users/tianli/Downloads/zdwp/zdys_comby 2/data/03ggxs/G102_ggxs.csv
2025-06-09 17:29:35,699 - INFO - 写入文件: /Users/tianli/Downloads/zdwp/zdys_comby 2/data/03ggxs/G102_ggxs.csv
2025-06-09 17:29:35,699 - INFO - 写入文件: /Users/tianli/Downloads/zdwp/zdys_comby 2/data/03ggxs/G103_ggxs.csv
2025-06-09 17:29:35,700 - INFO - 写入文件: /Users/tianli/Downloads/zdwp/zdys_comby 2/data/03ggxs/G103_ggxs.csv
2025-06-09 17:29:35,700 - INFO - 写入文件: /Users/tianli/Downloads/zdwp/zdys_comby 2/data/03ggxs/G104_ggxs.csv
2025-06-09 17:29:35,700 - INFO - 写入文件: /Users/tianli/Downloads/zdwp/zdys_comby 2/data/03ggxs/G104_ggxs.csv
2025-06-09 17:29:35,701 - INFO - 写入文件: /Users/tianli/Downloads/zdwp/zdys_comby 2/data/03ggxs/G105_ggxs.csv
2025-06-09 17:29:35,701 - INFO - 写入文件: /Users/tianli/Downloads/zdwp/zdys_comby 2/data/03ggxs/G105_ggxs.csv
2025-06-09 17:29:35,701 - INFO - 写入文件: /Users/tianli/Downloads/zdwp/zdys_comby 2/data/03ggxs/G106_ggxs.csv
2025-06-09 17:29:35,702 - INFO - 写入文件: /Users/tianli/Downloads/zdwp/zdys_comby 2/data/03ggxs/G106_ggxs.csv
2025-06-09 17:29:35,702 - INFO - 写入文件: /Users/tianli/Downloads/zdwp/zdys_comby 2/data/03ggxs/G107_ggxs.csv
2025-06-09 17:29:35,702 - INFO - 写入文件: /Users/tianli/Downloads/zdwp/zdys_comby 2/data/03ggxs/G107_ggxs.csv
2025-06-09 17:29:35,702 - INFO - 写入文件: /Users/tianli/Downloads/zdwp/zdys_comby 2/data/03ggxs/G108_ggxs.csv
2025-06-09 17:29:35,703 - INFO - 写入文件: /Users/tianli/Downloads/zdwp/zdys_comby 2/data/03ggxs/G108_ggxs.csv
2025-06-09 17:29:35,703 - INFO - 写入文件: /Users/tianli/Downloads/zdwp/zdys_comby 2/data/03ggxs/G112_ggxs.csv
2025-06-09 17:29:35,703 - INFO - 写入文件: /Users/tianli/Downloads/zdwp/zdys_comby 2/data/03ggxs/G112_ggxs.csv
2025-06-09 17:29:35,704 - INFO - 写入文件: /Users/tianli/Downloads/zdwp/zdys_comby 2/data/03ggxs/G113_ggxs.csv
2025-06-09 17:29:35,704 - INFO - 写入文件: /Users/tianli/Downloads/zdwp/zdys_comby 2/data/03ggxs/G113_ggxs.csv
2025-06-09 17:29:35,704 - INFO - 写入文件: /Users/tianli/Downloads/zdwp/zdys_comby 2/data/03ggxs/G114_ggxs.csv
2025-06-09 17:29:35,705 - INFO - 写入文件: /Users/tianli/Downloads/zdwp/zdys_comby 2/data/03ggxs/G114_ggxs.csv
2025-06-09 17:29:35,705 - INFO - 写入文件: /Users/tianli/Downloads/zdwp/zdys_comby 2/data/03ggxs/G115_ggxs.csv
2025-06-09 17:29:35,705 - INFO - 写入文件: /Users/tianli/Downloads/zdwp/zdys_comby 2/data/03ggxs/G115_ggxs.csv
2025-06-09 17:29:35,705 - INFO - 写入文件: /Users/tianli/Downloads/zdwp/zdys_comby 2/data/03ggxs/G116_ggxs.csv
2025-06-09 17:29:35,706 - INFO - 写入文件: /Users/tianli/Downloads/zdwp/zdys_comby 2/data/03ggxs/G116_ggxs.csv
2025-06-09 17:29:35,706 - INFO - 写入文件: /Users/tianli/Downloads/zdwp/zdys_comby 2/data/03ggxs/G117_ggxs.csv
2025-06-09 17:29:35,706 - INFO - 写入文件: /Users/tianli/Downloads/zdwp/zdys_comby 2/data/03ggxs/G117_ggxs.csv
2025-06-09 17:29:35,707 - INFO - 写入文件: /Users/tianli/Downloads/zdwp/zdys_comby 2/data/03ggxs/G118_ggxs.csv
2025-06-09 17:29:35,707 - INFO - 写入文件: /Users/tianli/Downloads/zdwp/zdys_comby 2/data/03ggxs/G118_ggxs.csv
2025-06-09 17:29:35,707 - INFO - 写入文件: /Users/tianli/Downloads/zdwp/zdys_comby 2/data/03ggxs/G119_ggxs.csv
2025-06-09 17:29:35,708 - INFO - 写入文件: /Users/tianli/Downloads/zdwp/zdys_comby 2/data/03ggxs/G119_ggxs.csv
2025-06-09 17:29:35,708 - INFO - 写入文件: /Users/tianli/Downloads/zdwp/zdys_comby 2/data/03ggxs/G120_ggxs.csv
2025-06-09 17:29:35,708 - INFO - 写入文件: /Users/tianli/Downloads/zdwp/zdys_comby 2/data/03ggxs/G120_ggxs.csv
2025-06-09 17:29:35,708 - INFO - 写入文件: /Users/tianli/Downloads/zdwp/zdys_comby 2/data/03ggxs/G122_ggxs.csv
2025-06-09 17:29:35,709 - INFO - 写入文件: /Users/tianli/Downloads/zdwp/zdys_comby 2/data/03ggxs/G122_ggxs.csv
2025-06-09 17:29:35,709 - INFO - 写入文件: /Users/tianli/Downloads/zdwp/zdys_comby 2/data/03ggxs/G207_ggxs.csv
2025-06-09 17:29:35,709 - INFO - 写入文件: /Users/tianli/Downloads/zdwp/zdys_comby 2/data/03ggxs/G207_ggxs.csv
2025-06-09 17:29:35,710 - INFO - 写入文件: /Users/tianli/Downloads/zdwp/zdys_comby 2/data/03ggxs/G208_ggxs.csv
2025-06-09 17:29:35,710 - INFO - 写入文件: /Users/tianli/Downloads/zdwp/zdys_comby 2/data/03ggxs/G208_ggxs.csv
2025-06-09 17:29:35,710 - INFO - 写入文件: /Users/tianli/Downloads/zdwp/zdys_comby 2/data/03ggxs/G001_ggxs.csv
2025-06-09 17:29:35,711 - INFO - 写入文件: /Users/tianli/Downloads/zdwp/zdys_comby 2/data/03ggxs/G001_ggxs.csv
2025-06-09 17:29:35,711 - INFO - 写入文件: /Users/tianli/Downloads/zdwp/zdys_comby 2/data/03ggxs/G002_ggxs.csv
2025-06-09 17:29:35,711 - INFO - 写入文件: /Users/tianli/Downloads/zdwp/zdys_comby 2/data/03ggxs/G002_ggxs.csv
2025-06-09 17:29:35,711 - INFO - 写入文件: /Users/tianli/Downloads/zdwp/zdys_comby 2/data/03ggxs/G003_ggxs.csv
2025-06-09 17:29:35,712 - INFO - 写入文件: /Users/tianli/Downloads/zdwp/zdys_comby 2/data/03ggxs/G003_ggxs.csv
2025-06-09 17:29:35,712 - INFO - 写入文件: /Users/tianli/Downloads/zdwp/zdys_comby 2/data/03ggxs/G004_ggxs.csv
2025-06-09 17:29:35,712 - INFO - 写入文件: /Users/tianli/Downloads/zdwp/zdys_comby 2/data/03ggxs/G004_ggxs.csv
2025-06-09 17:29:35,712 - INFO - 写入文件: /Users/tianli/Downloads/zdwp/zdys_comby 2/data/03ggxs/G005_ggxs.csv
2025-06-09 17:29:35,713 - INFO - 写入文件: /Users/tianli/Downloads/zdwp/zdys_comby 2/data/03ggxs/G005_ggxs.csv
2025-06-09 17:29:35,713 - INFO - 写入文件: /Users/tianli/Downloads/zdwp/zdys_comby 2/data/03ggxs/G006_ggxs.csv
2025-06-09 17:29:35,713 - INFO - 写入文件: /Users/tianli/Downloads/zdwp/zdys_comby 2/data/03ggxs/G006_ggxs.csv
2025-06-09 17:29:35,714 - INFO - 写入文件: /Users/tianli/Downloads/zdwp/zdys_comby 2/data/03ggxs/G009_ggxs.csv
2025-06-09 17:29:35,714 - INFO - 写入文件: /Users/tianli/Downloads/zdwp/zdys_comby 2/data/03ggxs/G009_ggxs.csv
2025-06-09 17:29:35,714 - INFO - 写入文件: /Users/tianli/Downloads/zdwp/zdys_comby 2/data/03ggxs/G010_ggxs.csv
2025-06-09 17:29:35,715 - INFO - 写入文件: /Users/tianli/Downloads/zdwp/zdys_comby 2/data/03ggxs/G010_ggxs.csv
2025-06-09 17:29:35,715 - INFO - 写入文件: /Users/tianli/Downloads/zdwp/zdys_comby 2/data/03ggxs/G011_ggxs.csv
2025-06-09 17:29:35,715 - INFO - 写入文件: /Users/tianli/Downloads/zdwp/zdys_comby 2/data/03ggxs/G011_ggxs.csv
2025-06-09 17:29:35,715 - INFO - 写入文件: /Users/tianli/Downloads/zdwp/zdys_comby 2/data/03ggxs/G012_ggxs.csv
2025-06-09 17:29:35,716 - INFO - 写入文件: /Users/tianli/Downloads/zdwp/zdys_comby 2/data/03ggxs/G012_ggxs.csv
2025-06-09 17:29:35,716 - INFO - 写入文件: /Users/tianli/Downloads/zdwp/zdys_comby 2/data/03ggxs/G013_ggxs.csv
2025-06-09 17:29:35,716 - INFO - 写入文件: /Users/tianli/Downloads/zdwp/zdys_comby 2/data/03ggxs/G013_ggxs.csv
2025-06-09 17:29:35,717 - INFO - 写入文件: /Users/tianli/Downloads/zdwp/zdys_comby 2/data/03ggxs/G014_ggxs.csv
2025-06-09 17:29:35,717 - INFO - 写入文件: /Users/tianli/Downloads/zdwp/zdys_comby 2/data/03ggxs/G014_ggxs.csv
2025-06-09 17:29:35,717 - INFO - 写入文件: /Users/tianli/Downloads/zdwp/zdys_comby 2/data/03ggxs/G015_ggxs.csv
2025-06-09 17:29:35,718 - INFO - 写入文件: /Users/tianli/Downloads/zdwp/zdys_comby 2/data/03ggxs/G015_ggxs.csv
2025-06-09 17:29:35,718 - INFO - 写入文件: /Users/tianli/Downloads/zdwp/zdys_comby 2/data/03ggxs/G016_ggxs.csv
2025-06-09 17:29:35,718 - INFO - 写入文件: /Users/tianli/Downloads/zdwp/zdys_comby 2/data/03ggxs/G016_ggxs.csv
2025-06-09 17:29:35,718 - INFO - 写入文件: /Users/tianli/Downloads/zdwp/zdys_comby 2/data/03ggxs/G017_ggxs.csv
2025-06-09 17:29:35,719 - INFO - 写入文件: /Users/tianli/Downloads/zdwp/zdys_comby 2/data/03ggxs/G017_ggxs.csv
2025-06-09 17:29:35,719 - INFO - 写入文件: /Users/tianli/Downloads/zdwp/zdys_comby 2/data/03ggxs/G018_ggxs.csv
2025-06-09 17:29:35,719 - INFO - 写入文件: /Users/tianli/Downloads/zdwp/zdys_comby 2/data/03ggxs/G018_ggxs.csv
2025-06-09 17:29:35,719 - INFO - 写入文件: /Users/tianli/Downloads/zdwp/zdys_comby 2/data/03ggxs/G019_ggxs.csv
2025-06-09 17:29:35,725 - INFO - 写入文件: /Users/tianli/Downloads/zdwp/zdys_comby 2/data/03ggxs/G019_ggxs.csv
2025-06-09 17:29:35,726 - INFO - 写入文件: /Users/tianli/Downloads/zdwp/zdys_comby 2/data/03ggxs/G020_ggxs.csv
2025-06-09 17:29:35,726 - INFO - 写入文件: /Users/tianli/Downloads/zdwp/zdys_comby 2/data/03ggxs/G020_ggxs.csv
2025-06-09 17:29:35,726 - INFO - 写入文件: /Users/tianli/Downloads/zdwp/zdys_comby 2/data/03ggxs/G028_ggxs.csv
2025-06-09 17:29:35,727 - INFO - 写入文件: /Users/tianli/Downloads/zdwp/zdys_comby 2/data/03ggxs/G028_ggxs.csv
2025-06-09 17:29:35,727 - INFO - 写入文件: /Users/tianli/Downloads/zdwp/zdys_comby 2/data/03ggxs/G125_ggxs.csv
2025-06-09 17:29:35,727 - INFO - 写入文件: /Users/tianli/Downloads/zdwp/zdys_comby 2/data/03ggxs/G125_ggxs.csv
2025-06-09 17:29:35,728 - INFO - 写入文件: /Users/tianli/Downloads/zdwp/zdys_comby 2/data/03ggxs/G216_ggxs.csv
2025-06-09 17:29:35,728 - INFO - 写入文件: /Users/tianli/Downloads/zdwp/zdys_comby 2/data/03ggxs/G216_ggxs.csv
2025-06-09 17:29:35,728 - INFO - 写入文件: /Users/tianli/Downloads/zdwp/zdys_comby 2/data/03ggxs/G217_ggxs.csv
2025-06-09 17:29:35,729 - INFO - 写入文件: /Users/tianli/Downloads/zdwp/zdys_comby 2/data/03ggxs/G217_ggxs.csv
2025-06-09 17:29:35,729 - INFO - 写入文件: /Users/tianli/Downloads/zdwp/zdys_comby 2/data/03ggxs/G218_ggxs.csv
2025-06-09 17:29:35,729 - INFO - 写入文件: /Users/tianli/Downloads/zdwp/zdys_comby 2/data/03ggxs/G218_ggxs.csv
2025-06-09 17:29:35,729 - INFO - 写入文件: /Users/tianli/Downloads/zdwp/zdys_comby 2/data/03ggxs/G027_ggxs.csv
2025-06-09 17:29:35,730 - INFO - 写入文件: /Users/tianli/Downloads/zdwp/zdys_comby 2/data/03ggxs/G027_ggxs.csv
2025-06-09 17:29:35,730 - INFO - 写入文件: /Users/tianli/Downloads/zdwp/zdys_comby 2/data/03ggxs/G029_ggxs.csv
2025-06-09 17:29:35,730 - INFO - 写入文件: /Users/tianli/Downloads/zdwp/zdys_comby 2/data/03ggxs/G029_ggxs.csv
2025-06-09 17:29:35,731 - INFO - 写入文件: /Users/tianli/Downloads/zdwp/zdys_comby 2/data/03ggxs/G030_ggxs.csv
2025-06-09 17:29:35,731 - INFO - 写入文件: /Users/tianli/Downloads/zdwp/zdys_comby 2/data/03ggxs/G030_ggxs.csv
2025-06-09 17:29:35,731 - INFO - 写入文件: /Users/tianli/Downloads/zdwp/zdys_comby 2/data/03ggxs/G031_ggxs.csv
2025-06-09 17:29:35,732 - INFO - 写入文件: /Users/tianli/Downloads/zdwp/zdys_comby 2/data/03ggxs/G031_ggxs.csv
2025-06-09 17:29:35,732 - INFO - 写入文件: /Users/tianli/Downloads/zdwp/zdys_comby 2/data/03ggxs/G032_ggxs.csv
2025-06-09 17:29:35,732 - INFO - 写入文件: /Users/tianli/Downloads/zdwp/zdys_comby 2/data/03ggxs/G032_ggxs.csv
2025-06-09 17:29:35,732 - INFO - 写入文件: /Users/tianli/Downloads/zdwp/zdys_comby 2/data/03ggxs/G033_ggxs.csv
2025-06-09 17:29:35,733 - INFO - 写入文件: /Users/tianli/Downloads/zdwp/zdys_comby 2/data/03ggxs/G033_ggxs.csv
2025-06-09 17:29:35,733 - INFO - 写入文件: /Users/tianli/Downloads/zdwp/zdys_comby 2/data/03ggxs/G034_ggxs.csv
2025-06-09 17:29:35,733 - INFO - 写入文件: /Users/tianli/Downloads/zdwp/zdys_comby 2/data/03ggxs/G034_ggxs.csv
2025-06-09 17:29:35,734 - INFO - 写入文件: /Users/tianli/Downloads/zdwp/zdys_comby 2/data/03ggxs/G035_ggxs.csv
2025-06-09 17:29:35,734 - INFO - 写入文件: /Users/tianli/Downloads/zdwp/zdys_comby 2/data/03ggxs/G035_ggxs.csv
2025-06-09 17:29:35,734 - INFO - 写入文件: /Users/tianli/Downloads/zdwp/zdys_comby 2/data/03ggxs/G036_ggxs.csv
2025-06-09 17:29:35,735 - INFO - 写入文件: /Users/tianli/Downloads/zdwp/zdys_comby 2/data/03ggxs/G036_ggxs.csv
2025-06-09 17:29:35,735 - INFO - 写入文件: /Users/tianli/Downloads/zdwp/zdys_comby 2/data/03ggxs/G037_ggxs.csv
2025-06-09 17:29:35,735 - INFO - 写入文件: /Users/tianli/Downloads/zdwp/zdys_comby 2/data/03ggxs/G037_ggxs.csv
2025-06-09 17:29:35,735 - INFO - 写入文件: /Users/tianli/Downloads/zdwp/zdys_comby 2/data/03ggxs/G039_ggxs.csv
2025-06-09 17:29:35,736 - INFO - 写入文件: /Users/tianli/Downloads/zdwp/zdys_comby 2/data/03ggxs/G039_ggxs.csv
2025-06-09 17:29:35,736 - INFO - 写入文件: /Users/tianli/Downloads/zdwp/zdys_comby 2/data/03ggxs/G040_ggxs.csv
2025-06-09 17:29:35,736 - INFO - 写入文件: /Users/tianli/Downloads/zdwp/zdys_comby 2/data/03ggxs/G040_ggxs.csv
2025-06-09 17:29:35,736 - INFO - 写入文件: /Users/tianli/Downloads/zdwp/zdys_comby 2/data/03ggxs/G071_ggxs.csv
2025-06-09 17:29:35,737 - INFO - 写入文件: /Users/tianli/Downloads/zdwp/zdys_comby 2/data/03ggxs/G071_ggxs.csv
2025-06-09 17:29:35,737 - INFO - 写入文件: /Users/tianli/Downloads/zdwp/zdys_comby 2/data/03ggxs/G072_ggxs.csv
2025-06-09 17:29:35,737 - INFO - 写入文件: /Users/tianli/Downloads/zdwp/zdys_comby 2/data/03ggxs/G072_ggxs.csv
2025-06-09 17:29:35,738 - INFO - 写入文件: /Users/tianli/Downloads/zdwp/zdys_comby 2/data/03ggxs/G073_ggxs.csv
2025-06-09 17:29:35,738 - INFO - 写入文件: /Users/tianli/Downloads/zdwp/zdys_comby 2/data/03ggxs/G073_ggxs.csv
2025-06-09 17:29:35,738 - INFO - 写入文件: /Users/tianli/Downloads/zdwp/zdys_comby 2/data/03ggxs/G074_ggxs.csv
2025-06-09 17:29:35,739 - INFO - 写入文件: /Users/tianli/Downloads/zdwp/zdys_comby 2/data/03ggxs/G074_ggxs.csv
2025-06-09 17:29:35,739 - INFO - 写入文件: /Users/tianli/Downloads/zdwp/zdys_comby 2/data/03ggxs/G075_ggxs.csv
2025-06-09 17:29:35,739 - INFO - 写入文件: /Users/tianli/Downloads/zdwp/zdys_comby 2/data/03ggxs/G075_ggxs.csv
2025-06-09 17:29:35,739 - INFO - 写入文件: /Users/tianli/Downloads/zdwp/zdys_comby 2/data/03ggxs/G076_ggxs.csv
2025-06-09 17:29:35,740 - INFO - 写入文件: /Users/tianli/Downloads/zdwp/zdys_comby 2/data/03ggxs/G076_ggxs.csv
2025-06-09 17:29:35,740 - INFO - 写入文件: /Users/tianli/Downloads/zdwp/zdys_comby 2/data/03ggxs/G077_ggxs.csv
2025-06-09 17:29:35,740 - INFO - 写入文件: /Users/tianli/Downloads/zdwp/zdys_comby 2/data/03ggxs/G077_ggxs.csv
2025-06-09 17:29:35,741 - INFO - 写入文件: /Users/tianli/Downloads/zdwp/zdys_comby 2/data/03ggxs/G078_ggxs.csv
2025-06-09 17:29:35,741 - INFO - 写入文件: /Users/tianli/Downloads/zdwp/zdys_comby 2/data/03ggxs/G078_ggxs.csv
2025-06-09 17:29:35,741 - INFO - 写入文件: /Users/tianli/Downloads/zdwp/zdys_comby 2/data/03ggxs/G079_ggxs.csv
2025-06-09 17:29:35,742 - INFO - 写入文件: /Users/tianli/Downloads/zdwp/zdys_comby 2/data/03ggxs/G079_ggxs.csv
2025-06-09 17:29:35,742 - INFO - 写入文件: /Users/tianli/Downloads/zdwp/zdys_comby 2/data/03ggxs/G080_ggxs.csv
2025-06-09 17:29:35,742 - INFO - 写入文件: /Users/tianli/Downloads/zdwp/zdys_comby 2/data/03ggxs/G080_ggxs.csv
2025-06-09 17:29:35,742 - INFO - 写入文件: /Users/tianli/Downloads/zdwp/zdys_comby 2/data/03ggxs/G081_ggxs.csv
2025-06-09 17:29:35,743 - INFO - 写入文件: /Users/tianli/Downloads/zdwp/zdys_comby 2/data/03ggxs/G081_ggxs.csv
2025-06-09 17:29:35,743 - INFO - 写入文件: /Users/tianli/Downloads/zdwp/zdys_comby 2/data/03ggxs/G082_ggxs.csv
2025-06-09 17:29:35,743 - INFO - 写入文件: /Users/tianli/Downloads/zdwp/zdys_comby 2/data/03ggxs/G082_ggxs.csv
2025-06-09 17:29:35,744 - INFO - 写入文件: /Users/tianli/Downloads/zdwp/zdys_comby 2/data/03ggxs/G083_ggxs.csv
2025-06-09 17:29:35,744 - INFO - 写入文件: /Users/tianli/Downloads/zdwp/zdys_comby 2/data/03ggxs/G083_ggxs.csv
2025-06-09 17:29:35,744 - INFO - 写入文件: /Users/tianli/Downloads/zdwp/zdys_comby 2/data/03ggxs/G084_ggxs.csv
2025-06-09 17:29:35,745 - INFO - 写入文件: /Users/tianli/Downloads/zdwp/zdys_comby 2/data/03ggxs/G084_ggxs.csv
2025-06-09 17:29:35,745 - INFO - 写入文件: /Users/tianli/Downloads/zdwp/zdys_comby 2/data/03ggxs/G085_ggxs.csv
2025-06-09 17:29:35,745 - INFO - 写入文件: /Users/tianli/Downloads/zdwp/zdys_comby 2/data/03ggxs/G085_ggxs.csv
2025-06-09 17:29:35,745 - INFO - 写入文件: /Users/tianli/Downloads/zdwp/zdys_comby 2/data/03ggxs/G086_ggxs.csv
2025-06-09 17:29:35,746 - INFO - 写入文件: /Users/tianli/Downloads/zdwp/zdys_comby 2/data/03ggxs/G086_ggxs.csv
2025-06-09 17:29:35,746 - INFO - 写入文件: /Users/tianli/Downloads/zdwp/zdys_comby 2/data/03ggxs/G087_ggxs.csv
2025-06-09 17:29:35,746 - INFO - 写入文件: /Users/tianli/Downloads/zdwp/zdys_comby 2/data/03ggxs/G087_ggxs.csv
2025-06-09 17:29:35,747 - INFO - 写入文件: /Users/tianli/Downloads/zdwp/zdys_comby 2/data/03ggxs/G088_ggxs.csv
2025-06-09 17:29:35,747 - INFO - 写入文件: /Users/tianli/Downloads/zdwp/zdys_comby 2/data/03ggxs/G088_ggxs.csv
2025-06-09 17:29:35,747 - INFO - 写入文件: /Users/tianli/Downloads/zdwp/zdys_comby 2/data/03ggxs/G089_ggxs.csv
2025-06-09 17:29:35,748 - INFO - 写入文件: /Users/tianli/Downloads/zdwp/zdys_comby 2/data/03ggxs/G089_ggxs.csv
2025-06-09 17:29:35,748 - INFO - 写入文件: /Users/tianli/Downloads/zdwp/zdys_comby 2/data/03ggxs/G091_ggxs.csv
2025-06-09 17:29:35,748 - INFO - 写入文件: /Users/tianli/Downloads/zdwp/zdys_comby 2/data/03ggxs/G091_ggxs.csv
2025-06-09 17:29:35,748 - INFO - 写入文件: /Users/tianli/Downloads/zdwp/zdys_comby 2/data/03ggxs/G092_ggxs.csv
2025-06-09 17:29:35,749 - INFO - 写入文件: /Users/tianli/Downloads/zdwp/zdys_comby 2/data/03ggxs/G092_ggxs.csv
2025-06-09 17:29:35,749 - INFO - 写入文件: /Users/tianli/Downloads/zdwp/zdys_comby 2/data/03ggxs/G093_ggxs.csv
2025-06-09 17:29:35,749 - INFO - 写入文件: /Users/tianli/Downloads/zdwp/zdys_comby 2/data/03ggxs/G093_ggxs.csv
2025-06-09 17:29:35,750 - INFO - 写入文件: /Users/tianli/Downloads/zdwp/zdys_comby 2/data/03ggxs/G094_ggxs.csv
2025-06-09 17:29:35,750 - INFO - 写入文件: /Users/tianli/Downloads/zdwp/zdys_comby 2/data/03ggxs/G094_ggxs.csv
2025-06-09 17:29:35,750 - INFO - 写入文件: /Users/tianli/Downloads/zdwp/zdys_comby 2/data/03ggxs/G095_ggxs.csv
2025-06-09 17:29:35,751 - INFO - 写入文件: /Users/tianli/Downloads/zdwp/zdys_comby 2/data/03ggxs/G095_ggxs.csv
2025-06-09 17:29:35,751 - INFO - 写入文件: /Users/tianli/Downloads/zdwp/zdys_comby 2/data/03ggxs/G109_ggxs.csv
2025-06-09 17:29:35,751 - INFO - 写入文件: /Users/tianli/Downloads/zdwp/zdys_comby 2/data/03ggxs/G109_ggxs.csv
2025-06-09 17:29:35,751 - INFO - 写入文件: /Users/tianli/Downloads/zdwp/zdys_comby 2/data/03ggxs/G110_ggxs.csv
2025-06-09 17:29:35,752 - INFO - 写入文件: /Users/tianli/Downloads/zdwp/zdys_comby 2/data/03ggxs/G110_ggxs.csv
2025-06-09 17:29:35,752 - INFO - 写入文件: /Users/tianli/Downloads/zdwp/zdys_comby 2/data/03ggxs/G111_ggxs.csv
2025-06-09 17:29:35,752 - INFO - 写入文件: /Users/tianli/Downloads/zdwp/zdys_comby 2/data/03ggxs/G111_ggxs.csv
2025-06-09 17:29:35,753 - INFO - 写入文件: /Users/tianli/Downloads/zdwp/zdys_comby 2/data/03ggxs/G121_ggxs.csv
2025-06-09 17:29:35,753 - INFO - 写入文件: /Users/tianli/Downloads/zdwp/zdys_comby 2/data/03ggxs/G121_ggxs.csv
2025-06-09 17:29:35,753 - INFO - 写入文件: /Users/tianli/Downloads/zdwp/zdys_comby 2/data/03ggxs/G198_ggxs.csv
2025-06-09 17:29:35,754 - INFO - 写入文件: /Users/tianli/Downloads/zdwp/zdys_comby 2/data/03ggxs/G198_ggxs.csv
2025-06-09 17:29:35,754 - INFO - 写入文件: /Users/tianli/Downloads/zdwp/zdys_comby 2/data/03ggxs/G199_ggxs.csv
2025-06-09 17:29:35,754 - INFO - 写入文件: /Users/tianli/Downloads/zdwp/zdys_comby 2/data/03ggxs/G199_ggxs.csv
2025-06-09 17:29:35,754 - INFO - 写入文件: /Users/tianli/Downloads/zdwp/zdys_comby 2/data/03ggxs/G209_ggxs.csv
2025-06-09 17:29:35,755 - INFO - 写入文件: /Users/tianli/Downloads/zdwp/zdys_comby 2/data/03ggxs/G209_ggxs.csv
2025-06-09 17:29:35,755 - INFO - 写入文件: /Users/tianli/Downloads/zdwp/zdys_comby 2/data/03ggxs/G210_ggxs.csv
2025-06-09 17:29:35,755 - INFO - 写入文件: /Users/tianli/Downloads/zdwp/zdys_comby 2/data/03ggxs/G210_ggxs.csv
2025-06-09 17:29:35,756 - INFO - 写入文件: /Users/tianli/Downloads/zdwp/zdys_comby 2/data/03ggxs/G219_ggxs.csv
2025-06-09 17:29:35,756 - INFO - 写入文件: /Users/tianli/Downloads/zdwp/zdys_comby 2/data/03ggxs/G219_ggxs.csv
2025-06-09 17:29:35,756 - INFO - 写入文件: /Users/tianli/Downloads/zdwp/zdys_comby 2/data/03ggxs/G220_ggxs.csv
2025-06-09 17:29:35,757 - INFO - 写入文件: /Users/tianli/Downloads/zdwp/zdys_comby 2/data/03ggxs/G220_ggxs.csv
2025-06-09 17:29:35,757 - INFO - 写入文件: /Users/tianli/Downloads/zdwp/zdys_comby 2/data/03ggxs/G131_ggxs.csv
2025-06-09 17:29:35,757 - INFO - 写入文件: /Users/tianli/Downloads/zdwp/zdys_comby 2/data/03ggxs/G131_ggxs.csv
2025-06-09 17:29:35,757 - INFO - 写入文件: /Users/tianli/Downloads/zdwp/zdys_comby 2/data/03ggxs/G132_ggxs.csv
2025-06-09 17:29:35,758 - INFO - 写入文件: /Users/tianli/Downloads/zdwp/zdys_comby 2/data/03ggxs/G132_ggxs.csv
2025-06-09 17:29:35,758 - INFO - 写入文件: /Users/tianli/Downloads/zdwp/zdys_comby 2/data/03ggxs/G134_ggxs.csv
2025-06-09 17:29:35,758 - INFO - 写入文件: /Users/tianli/Downloads/zdwp/zdys_comby 2/data/03ggxs/G134_ggxs.csv
2025-06-09 17:29:35,759 - INFO - 写入文件: /Users/tianli/Downloads/zdwp/zdys_comby 2/data/03ggxs/G136_ggxs.csv
2025-06-09 17:29:35,759 - INFO - 写入文件: /Users/tianli/Downloads/zdwp/zdys_comby 2/data/03ggxs/G136_ggxs.csv
2025-06-09 17:29:35,759 - INFO - 写入文件: /Users/tianli/Downloads/zdwp/zdys_comby 2/data/03ggxs/G139_ggxs.csv
2025-06-09 17:29:35,760 - INFO - 写入文件: /Users/tianli/Downloads/zdwp/zdys_comby 2/data/03ggxs/G139_ggxs.csv
2025-06-09 17:29:35,760 - INFO - 写入文件: /Users/tianli/Downloads/zdwp/zdys_comby 2/data/03ggxs/G140_ggxs.csv
2025-06-09 17:29:35,760 - INFO - 写入文件: /Users/tianli/Downloads/zdwp/zdys_comby 2/data/03ggxs/G140_ggxs.csv
2025-06-09 17:29:35,760 - INFO - 写入文件: /Users/tianli/Downloads/zdwp/zdys_comby 2/data/03ggxs/G141_ggxs.csv
2025-06-09 17:29:35,761 - INFO - 写入文件: /Users/tianli/Downloads/zdwp/zdys_comby 2/data/03ggxs/G141_ggxs.csv
2025-06-09 17:29:35,761 - INFO - 写入文件: /Users/tianli/Downloads/zdwp/zdys_comby 2/data/03ggxs/G142_ggxs.csv
2025-06-09 17:29:35,761 - INFO - 写入文件: /Users/tianli/Downloads/zdwp/zdys_comby 2/data/03ggxs/G142_ggxs.csv
2025-06-09 17:29:35,762 - INFO - 写入文件: /Users/tianli/Downloads/zdwp/zdys_comby 2/data/03ggxs/G143_ggxs.csv
2025-06-09 17:29:35,762 - INFO - 写入文件: /Users/tianli/Downloads/zdwp/zdys_comby 2/data/03ggxs/G143_ggxs.csv
2025-06-09 17:29:35,762 - INFO - 写入文件: /Users/tianli/Downloads/zdwp/zdys_comby 2/data/03ggxs/G151_ggxs.csv
2025-06-09 17:29:35,763 - INFO - 写入文件: /Users/tianli/Downloads/zdwp/zdys_comby 2/data/03ggxs/G151_ggxs.csv
2025-06-09 17:29:35,763 - INFO - 写入文件: /Users/tianli/Downloads/zdwp/zdys_comby 2/data/03ggxs/G153_ggxs.csv
2025-06-09 17:29:35,763 - INFO - 写入文件: /Users/tianli/Downloads/zdwp/zdys_comby 2/data/03ggxs/G153_ggxs.csv
2025-06-09 17:29:35,763 - INFO - 写入文件: /Users/tianli/Downloads/zdwp/zdys_comby 2/data/03ggxs/G154_ggxs.csv
2025-06-09 17:29:35,764 - INFO - 写入文件: /Users/tianli/Downloads/zdwp/zdys_comby 2/data/03ggxs/G154_ggxs.csv
2025-06-09 17:29:35,764 - INFO - 写入文件: /Users/tianli/Downloads/zdwp/zdys_comby 2/data/03ggxs/G155_ggxs.csv
2025-06-09 17:29:35,765 - INFO - 写入文件: /Users/tianli/Downloads/zdwp/zdys_comby 2/data/03ggxs/G155_ggxs.csv
2025-06-09 17:29:35,765 - INFO - 写入文件: /Users/tianli/Downloads/zdwp/zdys_comby 2/data/03ggxs/G156_ggxs.csv
2025-06-09 17:29:35,765 - INFO - 写入文件: /Users/tianli/Downloads/zdwp/zdys_comby 2/data/03ggxs/G156_ggxs.csv
2025-06-09 17:29:35,765 - INFO - 写入文件: /Users/tianli/Downloads/zdwp/zdys_comby 2/data/03ggxs/G157_ggxs.csv
2025-06-09 17:29:35,766 - INFO - 写入文件: /Users/tianli/Downloads/zdwp/zdys_comby 2/data/03ggxs/G157_ggxs.csv
2025-06-09 17:29:35,766 - INFO - 写入文件: /Users/tianli/Downloads/zdwp/zdys_comby 2/data/03ggxs/G158_ggxs.csv
2025-06-09 17:29:35,766 - INFO - 写入文件: /Users/tianli/Downloads/zdwp/zdys_comby 2/data/03ggxs/G158_ggxs.csv
2025-06-09 17:29:35,767 - INFO - 写入文件: /Users/tianli/Downloads/zdwp/zdys_comby 2/data/03ggxs/G159_ggxs.csv
2025-06-09 17:29:35,767 - INFO - 写入文件: /Users/tianli/Downloads/zdwp/zdys_comby 2/data/03ggxs/G159_ggxs.csv
2025-06-09 17:29:35,767 - INFO - 写入文件: /Users/tianli/Downloads/zdwp/zdys_comby 2/data/03ggxs/G160_ggxs.csv
2025-06-09 17:29:35,768 - INFO - 写入文件: /Users/tianli/Downloads/zdwp/zdys_comby 2/data/03ggxs/G160_ggxs.csv
2025-06-09 17:29:35,768 - INFO - 写入文件: /Users/tianli/Downloads/zdwp/zdys_comby 2/data/03ggxs/G203_ggxs.csv
2025-06-09 17:29:35,768 - INFO - 写入文件: /Users/tianli/Downloads/zdwp/zdys_comby 2/data/03ggxs/G203_ggxs.csv
2025-06-09 17:29:35,769 - INFO - 写入文件: /Users/tianli/Downloads/zdwp/zdys_comby 2/data/03ggxs/G204_ggxs.csv
2025-06-09 17:29:35,769 - INFO - 写入文件: /Users/tianli/Downloads/zdwp/zdys_comby 2/data/03ggxs/G204_ggxs.csv
2025-06-09 17:29:35,769 - INFO - 写入文件: /Users/tianli/Downloads/zdwp/zdys_comby 2/data/03ggxs/G227_ggxs.csv
2025-06-09 17:29:35,770 - INFO - 写入文件: /Users/tianli/Downloads/zdwp/zdys_comby 2/data/03ggxs/G227_ggxs.csv
2025-06-09 17:29:35,770 - INFO - 写入文件: /Users/tianli/Downloads/zdwp/zdys_comby 2/data/03ggxs/G150_ggxs.csv
2025-06-09 17:29:35,770 - INFO - 写入文件: /Users/tianli/Downloads/zdwp/zdys_comby 2/data/03ggxs/G150_ggxs.csv
2025-06-09 17:29:35,770 - INFO - 写入文件: /Users/tianli/Downloads/zdwp/zdys_comby 2/data/03ggxs/G223_ggxs.csv
2025-06-09 17:29:35,771 - INFO - 写入文件: /Users/tianli/Downloads/zdwp/zdys_comby 2/data/03ggxs/G223_ggxs.csv
2025-06-09 17:29:35,771 - INFO - 写入文件: /Users/tianli/Downloads/zdwp/zdys_comby 2/data/03ggxs/G128_ggxs.csv
2025-06-09 17:29:35,771 - INFO - 写入文件: /Users/tianli/Downloads/zdwp/zdys_comby 2/data/03ggxs/G128_ggxs.csv
2025-06-09 17:29:35,772 - INFO - 写入文件: /Users/tianli/Downloads/zdwp/zdys_comby 2/data/03ggxs/G129_ggxs.csv
2025-06-09 17:29:35,772 - INFO - 写入文件: /Users/tianli/Downloads/zdwp/zdys_comby 2/data/03ggxs/G129_ggxs.csv
2025-06-09 17:29:35,772 - INFO - 写入文件: /Users/tianli/Downloads/zdwp/zdys_comby 2/data/03ggxs/G130_ggxs.csv
2025-06-09 17:29:35,773 - INFO - 写入文件: /Users/tianli/Downloads/zdwp/zdys_comby 2/data/03ggxs/G130_ggxs.csv
2025-06-09 17:29:35,773 - INFO - 写入文件: /Users/tianli/Downloads/zdwp/zdys_comby 2/data/03ggxs/G166_ggxs.csv
2025-06-09 17:29:35,773 - INFO - 写入文件: /Users/tianli/Downloads/zdwp/zdys_comby 2/data/03ggxs/G166_ggxs.csv
2025-06-09 17:29:35,774 - INFO - 写入文件: /Users/tianli/Downloads/zdwp/zdys_comby 2/data/03ggxs/G228_ggxs.csv
2025-06-09 17:29:35,774 - INFO - 写入文件: /Users/tianli/Downloads/zdwp/zdys_comby 2/data/03ggxs/G228_ggxs.csv
2025-06-09 17:29:35,774 - INFO - 创建了 225 个默认ggxs文件
2025-06-09 17:29:35,774 - INFO - 开始处理取水数据
2025-06-09 17:29:35,788 - INFO - 开始处理扣减数据
2025-06-09 17:29:35,790 - INFO - 写入文件: /Users/tianli/Downloads/zdwp/zdys_comby 2/data/04deduct/G054_deduct.csv
2025-06-09 17:29:35,792 - INFO - 写入文件: /Users/tianli/Downloads/zdwp/zdys_comby 2/data/04deduct/G055_deduct.csv
2025-06-09 17:29:35,793 - INFO - 写入文件: /Users/tianli/Downloads/zdwp/zdys_comby 2/data/04deduct/G187_deduct.csv
2025-06-09 17:29:35,795 - INFO - 写入文件: /Users/tianli/Downloads/zdwp/zdys_comby 2/data/04deduct/G186_deduct.csv
2025-06-09 17:29:35,796 - INFO - 写入文件: /Users/tianli/Downloads/zdwp/zdys_comby 2/data/04deduct/G115_deduct.csv
2025-06-09 17:29:35,798 - INFO - 写入文件: /Users/tianli/Downloads/zdwp/zdys_comby 2/data/04deduct/G114_deduct.csv
2025-06-09 17:29:35,800 - INFO - 写入文件: /Users/tianli/Downloads/zdwp/zdys_comby 2/data/04deduct/G162_deduct.csv
2025-06-09 17:29:35,802 - INFO - 写入文件: /Users/tianli/Downloads/zdwp/zdys_comby 2/data/04deduct/G163_deduct.csv
2025-06-09 17:29:35,804 - INFO - 写入文件: /Users/tianli/Downloads/zdwp/zdys_comby 2/data/04deduct/G023_deduct.csv
2025-06-09 17:29:35,806 - INFO - 写入文件: /Users/tianli/Downloads/zdwp/zdys_comby 2/data/04deduct/G022_deduct.csv
2025-06-09 17:29:35,808 - INFO - 写入文件: /Users/tianli/Downloads/zdwp/zdys_comby 2/data/04deduct/G085_deduct.csv
2025-06-09 17:29:35,809 - INFO - 写入文件: /Users/tianli/Downloads/zdwp/zdys_comby 2/data/04deduct/G084_deduct.csv
2025-06-09 17:29:35,811 - INFO - 写入文件: /Users/tianli/Downloads/zdwp/zdys_comby 2/data/04deduct/G017_deduct.csv
2025-06-09 17:29:35,812 - INFO - 写入文件: /Users/tianli/Downloads/zdwp/zdys_comby 2/data/04deduct/G016_deduct.csv
2025-06-09 17:29:35,814 - INFO - 写入文件: /Users/tianli/Downloads/zdwp/zdys_comby 2/data/04deduct/G156_deduct.csv
2025-06-09 17:29:35,815 - INFO - 写入文件: /Users/tianli/Downloads/zdwp/zdys_comby 2/data/04deduct/G157_deduct.csv
2025-06-09 17:29:35,817 - INFO - 写入文件: /Users/tianli/Downloads/zdwp/zdys_comby 2/data/04deduct/G121_deduct.csv
2025-06-09 17:29:35,818 - INFO - 写入文件: /Users/tianli/Downloads/zdwp/zdys_comby 2/data/04deduct/G120_deduct.csv
2025-06-09 17:29:35,820 - INFO - 写入文件: /Users/tianli/Downloads/zdwp/zdys_comby 2/data/04deduct/G029_deduct.csv
2025-06-09 17:29:35,822 - INFO - 写入文件: /Users/tianli/Downloads/zdwp/zdys_comby 2/data/04deduct/G028_deduct.csv
2025-06-09 17:29:35,824 - INFO - 写入文件: /Users/tianli/Downloads/zdwp/zdys_comby 2/data/04deduct/G168_deduct.csv
2025-06-09 17:29:35,826 - INFO - 写入文件: /Users/tianli/Downloads/zdwp/zdys_comby 2/data/04deduct/G169_deduct.csv
2025-06-09 17:29:35,828 - INFO - 写入文件: /Users/tianli/Downloads/zdwp/zdys_comby 2/data/04deduct/G206_deduct.csv
2025-06-09 17:29:35,829 - INFO - 写入文件: /Users/tianli/Downloads/zdwp/zdys_comby 2/data/04deduct/G060_deduct.csv
2025-06-09 17:29:35,830 - INFO - 写入文件: /Users/tianli/Downloads/zdwp/zdys_comby 2/data/04deduct/G061_deduct.csv
2025-06-09 17:29:35,832 - INFO - 写入文件: /Users/tianli/Downloads/zdwp/zdys_comby 2/data/04deduct/G207_deduct.csv
2025-06-09 17:29:35,833 - INFO - 写入文件: /Users/tianli/Downloads/zdwp/zdys_comby 2/data/04deduct/G102_deduct.csv
2025-06-09 17:29:35,835 - INFO - 写入文件: /Users/tianli/Downloads/zdwp/zdys_comby 2/data/04deduct/G103_deduct.csv
2025-06-09 17:29:35,836 - INFO - 写入文件: /Users/tianli/Downloads/zdwp/zdys_comby 2/data/04deduct/G098_deduct.csv
2025-06-09 17:29:35,838 - INFO - 写入文件: /Users/tianli/Downloads/zdwp/zdys_comby 2/data/04deduct/G099_deduct.csv
2025-06-09 17:29:35,839 - INFO - 写入文件: /Users/tianli/Downloads/zdwp/zdys_comby 2/data/04deduct/G190_deduct.csv
2025-06-09 17:29:35,841 - INFO - 写入文件: /Users/tianli/Downloads/zdwp/zdys_comby 2/data/04deduct/G191_deduct.csv
2025-06-09 17:29:35,843 - INFO - 写入文件: /Users/tianli/Downloads/zdwp/zdys_comby 2/data/04deduct/G225_deduct.csv
2025-06-09 17:29:35,844 - INFO - 写入文件: /Users/tianli/Downloads/zdwp/zdys_comby 2/data/04deduct/G043_deduct.csv
2025-06-09 17:29:35,846 - INFO - 写入文件: /Users/tianli/Downloads/zdwp/zdys_comby 2/data/04deduct/G042_deduct.csv
2025-06-09 17:29:35,847 - INFO - 写入文件: /Users/tianli/Downloads/zdwp/zdys_comby 2/data/04deduct/G224_deduct.csv
2025-06-09 17:29:35,849 - INFO - 写入文件: /Users/tianli/Downloads/zdwp/zdys_comby 2/data/04deduct/G034_deduct.csv
2025-06-09 17:29:35,850 - INFO - 写入文件: /Users/tianli/Downloads/zdwp/zdys_comby 2/data/04deduct/G035_deduct.csv
2025-06-09 17:29:35,851 - INFO - 写入文件: /Users/tianli/Downloads/zdwp/zdys_comby 2/data/04deduct/G175_deduct.csv
2025-06-09 17:29:35,853 - INFO - 写入文件: /Users/tianli/Downloads/zdwp/zdys_comby 2/data/04deduct/G174_deduct.csv
2025-06-09 17:29:35,854 - INFO - 写入文件: /Users/tianli/Downloads/zdwp/zdys_comby 2/data/04deduct/G049_deduct.csv
2025-06-09 17:29:35,855 - INFO - 写入文件: /Users/tianli/Downloads/zdwp/zdys_comby 2/data/04deduct/G048_deduct.csv
2025-06-09 17:29:35,857 - INFO - 写入文件: /Users/tianli/Downloads/zdwp/zdys_comby 2/data/04deduct/G141_deduct.csv
2025-06-09 17:29:35,858 - INFO - 写入文件: /Users/tianli/Downloads/zdwp/zdys_comby 2/data/04deduct/G140_deduct.csv
2025-06-09 17:29:35,860 - INFO - 写入文件: /Users/tianli/Downloads/zdwp/zdys_comby 2/data/04deduct/G001_deduct.csv
2025-06-09 17:29:35,861 - INFO - 写入文件: /Users/tianli/Downloads/zdwp/zdys_comby 2/data/04deduct/G092_deduct.csv
2025-06-09 17:29:35,863 - INFO - 写入文件: /Users/tianli/Downloads/zdwp/zdys_comby 2/data/04deduct/G093_deduct.csv
2025-06-09 17:29:35,865 - INFO - 写入文件: /Users/tianli/Downloads/zdwp/zdys_comby 2/data/04deduct/G108_deduct.csv
2025-06-09 17:29:35,866 - INFO - 写入文件: /Users/tianli/Downloads/zdwp/zdys_comby 2/data/04deduct/G109_deduct.csv
2025-06-09 17:29:35,867 - INFO - 写入文件: /Users/tianli/Downloads/zdwp/zdys_comby 2/data/04deduct/G211_deduct.csv
2025-06-09 17:29:35,869 - INFO - 写入文件: /Users/tianli/Downloads/zdwp/zdys_comby 2/data/04deduct/G077_deduct.csv
2025-06-09 17:29:35,870 - INFO - 写入文件: /Users/tianli/Downloads/zdwp/zdys_comby 2/data/04deduct/G076_deduct.csv
2025-06-09 17:29:35,871 - INFO - 写入文件: /Users/tianli/Downloads/zdwp/zdys_comby 2/data/04deduct/G210_deduct.csv
2025-06-09 17:29:35,873 - INFO - 写入文件: /Users/tianli/Downloads/zdwp/zdys_comby 2/data/04deduct/G136_deduct.csv
2025-06-09 17:29:35,874 - INFO - 写入文件: /Users/tianli/Downloads/zdwp/zdys_comby 2/data/04deduct/G137_deduct.csv
2025-06-09 17:29:35,876 - INFO - 写入文件: /Users/tianli/Downloads/zdwp/zdys_comby 2/data/04deduct/G197_deduct.csv
2025-06-09 17:29:35,877 - INFO - 写入文件: /Users/tianli/Downloads/zdwp/zdys_comby 2/data/04deduct/G196_deduct.csv
2025-06-09 17:29:35,878 - INFO - 写入文件: /Users/tianli/Downloads/zdwp/zdys_comby 2/data/04deduct/G105_deduct.csv
2025-06-09 17:29:35,880 - INFO - 写入文件: /Users/tianli/Downloads/zdwp/zdys_comby 2/data/04deduct/G104_deduct.csv
2025-06-09 17:29:35,881 - INFO - 写入文件: /Users/tianli/Downloads/zdwp/zdys_comby 2/data/04deduct/G044_deduct.csv
2025-06-09 17:29:35,883 - INFO - 写入文件: /Users/tianli/Downloads/zdwp/zdys_comby 2/data/04deduct/G222_deduct.csv
2025-06-09 17:29:35,884 - INFO - 写入文件: /Users/tianli/Downloads/zdwp/zdys_comby 2/data/04deduct/G223_deduct.csv
2025-06-09 17:29:35,885 - INFO - 写入文件: /Users/tianli/Downloads/zdwp/zdys_comby 2/data/04deduct/G045_deduct.csv
2025-06-09 17:29:35,887 - INFO - 写入文件: /Users/tianli/Downloads/zdwp/zdys_comby 2/data/04deduct/G033_deduct.csv
2025-06-09 17:29:35,888 - INFO - 写入文件: /Users/tianli/Downloads/zdwp/zdys_comby 2/data/04deduct/G032_deduct.csv
2025-06-09 17:29:35,890 - INFO - 写入文件: /Users/tianli/Downloads/zdwp/zdys_comby 2/data/04deduct/G172_deduct.csv
2025-06-09 17:29:35,891 - INFO - 写入文件: /Users/tianli/Downloads/zdwp/zdys_comby 2/data/04deduct/G173_deduct.csv
2025-06-09 17:29:35,892 - INFO - 写入文件: /Users/tianli/Downloads/zdwp/zdys_comby 2/data/04deduct/G146_deduct.csv
2025-06-09 17:29:35,894 - INFO - 写入文件: /Users/tianli/Downloads/zdwp/zdys_comby 2/data/04deduct/G147_deduct.csv
2025-06-09 17:29:35,895 - INFO - 写入文件: /Users/tianli/Downloads/zdwp/zdys_comby 2/data/04deduct/G228_deduct.csv
2025-06-09 17:29:35,896 - INFO - 写入文件: /Users/tianli/Downloads/zdwp/zdys_comby 2/data/04deduct/G095_deduct.csv
2025-06-09 17:29:35,898 - INFO - 写入文件: /Users/tianli/Downloads/zdwp/zdys_comby 2/data/04deduct/G094_deduct.csv
2025-06-09 17:29:35,899 - INFO - 写入文件: /Users/tianli/Downloads/zdwp/zdys_comby 2/data/04deduct/G007_deduct.csv
2025-06-09 17:29:35,903 - INFO - 写入文件: /Users/tianli/Downloads/zdwp/zdys_comby 2/data/04deduct/G006_deduct.csv
2025-06-09 17:29:35,904 - INFO - 写入文件: /Users/tianli/Downloads/zdwp/zdys_comby 2/data/04deduct/G178_deduct.csv
2025-06-09 17:29:35,906 - INFO - 写入文件: /Users/tianli/Downloads/zdwp/zdys_comby 2/data/04deduct/G179_deduct.csv
2025-06-09 17:29:35,907 - INFO - 写入文件: /Users/tianli/Downloads/zdwp/zdys_comby 2/data/04deduct/G070_deduct.csv
2025-06-09 17:29:35,909 - INFO - 写入文件: /Users/tianli/Downloads/zdwp/zdys_comby 2/data/04deduct/G216_deduct.csv
2025-06-09 17:29:35,910 - INFO - 写入文件: /Users/tianli/Downloads/zdwp/zdys_comby 2/data/04deduct/G217_deduct.csv
2025-06-09 17:29:35,911 - INFO - 写入文件: /Users/tianli/Downloads/zdwp/zdys_comby 2/data/04deduct/G071_deduct.csv
2025-06-09 17:29:35,913 - INFO - 写入文件: /Users/tianli/Downloads/zdwp/zdys_comby 2/data/04deduct/G131_deduct.csv
2025-06-09 17:29:35,914 - INFO - 写入文件: /Users/tianli/Downloads/zdwp/zdys_comby 2/data/04deduct/G130_deduct.csv
2025-06-09 17:29:35,915 - INFO - 写入文件: /Users/tianli/Downloads/zdwp/zdys_comby 2/data/04deduct/G039_deduct.csv
2025-06-09 17:29:35,917 - INFO - 写入文件: /Users/tianli/Downloads/zdwp/zdys_comby 2/data/04deduct/G053_deduct.csv
2025-06-09 17:29:35,918 - INFO - 写入文件: /Users/tianli/Downloads/zdwp/zdys_comby 2/data/04deduct/G052_deduct.csv
2025-06-09 17:29:35,919 - INFO - 写入文件: /Users/tianli/Downloads/zdwp/zdys_comby 2/data/04deduct/G112_deduct.csv
2025-06-09 17:29:35,921 - INFO - 写入文件: /Users/tianli/Downloads/zdwp/zdys_comby 2/data/04deduct/G113_deduct.csv
2025-06-09 17:29:35,922 - INFO - 写入文件: /Users/tianli/Downloads/zdwp/zdys_comby 2/data/04deduct/G088_deduct.csv
2025-06-09 17:29:35,923 - INFO - 写入文件: /Users/tianli/Downloads/zdwp/zdys_comby 2/data/04deduct/G089_deduct.csv
2025-06-09 17:29:35,925 - INFO - 写入文件: /Users/tianli/Downloads/zdwp/zdys_comby 2/data/04deduct/G180_deduct.csv
2025-06-09 17:29:35,926 - INFO - 写入文件: /Users/tianli/Downloads/zdwp/zdys_comby 2/data/04deduct/G181_deduct.csv
2025-06-09 17:29:35,928 - INFO - 写入文件: /Users/tianli/Downloads/zdwp/zdys_comby 2/data/04deduct/G165_deduct.csv
2025-06-09 17:29:35,929 - INFO - 写入文件: /Users/tianli/Downloads/zdwp/zdys_comby 2/data/04deduct/G164_deduct.csv
2025-06-09 17:29:35,930 - INFO - 写入文件: /Users/tianli/Downloads/zdwp/zdys_comby 2/data/04deduct/G024_deduct.csv
2025-06-09 17:29:35,932 - INFO - 写入文件: /Users/tianli/Downloads/zdwp/zdys_comby 2/data/04deduct/G025_deduct.csv
2025-06-09 17:29:35,933 - INFO - 写入文件: /Users/tianli/Downloads/zdwp/zdys_comby 2/data/04deduct/G010_deduct.csv
2025-06-09 17:29:35,934 - INFO - 写入文件: /Users/tianli/Downloads/zdwp/zdys_comby 2/data/04deduct/G011_deduct.csv
2025-06-09 17:29:35,936 - INFO - 写入文件: /Users/tianli/Downloads/zdwp/zdys_comby 2/data/04deduct/G082_deduct.csv
2025-06-09 17:29:35,937 - INFO - 写入文件: /Users/tianli/Downloads/zdwp/zdys_comby 2/data/04deduct/G083_deduct.csv
2025-06-09 17:29:35,938 - INFO - 写入文件: /Users/tianli/Downloads/zdwp/zdys_comby 2/data/04deduct/G118_deduct.csv
2025-06-09 17:29:35,940 - INFO - 写入文件: /Users/tianli/Downloads/zdwp/zdys_comby 2/data/04deduct/G119_deduct.csv
2025-06-09 17:29:35,941 - INFO - 写入文件: /Users/tianli/Downloads/zdwp/zdys_comby 2/data/04deduct/G059_deduct.csv
2025-06-09 17:29:35,942 - INFO - 写入文件: /Users/tianli/Downloads/zdwp/zdys_comby 2/data/04deduct/G058_deduct.csv
2025-06-09 17:29:35,944 - INFO - 写入文件: /Users/tianli/Downloads/zdwp/zdys_comby 2/data/04deduct/G151_deduct.csv
2025-06-09 17:29:35,945 - INFO - 写入文件: /Users/tianli/Downloads/zdwp/zdys_comby 2/data/04deduct/G150_deduct.csv
2025-06-09 17:29:35,946 - INFO - 写入文件: /Users/tianli/Downloads/zdwp/zdys_comby 2/data/04deduct/G126_deduct.csv
2025-06-09 17:29:35,948 - INFO - 写入文件: /Users/tianli/Downloads/zdwp/zdys_comby 2/data/04deduct/G127_deduct.csv
2025-06-09 17:29:35,949 - INFO - 写入文件: /Users/tianli/Downloads/zdwp/zdys_comby 2/data/04deduct/G067_deduct.csv
2025-06-09 17:29:35,950 - INFO - 写入文件: /Users/tianli/Downloads/zdwp/zdys_comby 2/data/04deduct/G201_deduct.csv
2025-06-09 17:29:35,952 - INFO - 写入文件: /Users/tianli/Downloads/zdwp/zdys_comby 2/data/04deduct/G200_deduct.csv
2025-06-09 17:29:35,953 - INFO - 写入文件: /Users/tianli/Downloads/zdwp/zdys_comby 2/data/04deduct/G066_deduct.csv
2025-06-09 17:29:35,955 - INFO - 写入文件: /Users/tianli/Downloads/zdwp/zdys_comby 2/data/04deduct/G142_deduct.csv
2025-06-09 17:29:35,956 - INFO - 写入文件: /Users/tianli/Downloads/zdwp/zdys_comby 2/data/04deduct/G143_deduct.csv
2025-06-09 17:29:35,958 - INFO - 写入文件: /Users/tianli/Downloads/zdwp/zdys_comby 2/data/04deduct/G003_deduct.csv
2025-06-09 17:29:35,959 - INFO - 写入文件: /Users/tianli/Downloads/zdwp/zdys_comby 2/data/04deduct/G002_deduct.csv
2025-06-09 17:29:35,960 - INFO - 写入文件: /Users/tianli/Downloads/zdwp/zdys_comby 2/data/04deduct/G199_deduct.csv
2025-06-09 17:29:35,962 - INFO - 写入文件: /Users/tianli/Downloads/zdwp/zdys_comby 2/data/04deduct/G198_deduct.csv
2025-06-09 17:29:35,963 - INFO - 写入文件: /Users/tianli/Downloads/zdwp/zdys_comby 2/data/04deduct/G091_deduct.csv
2025-06-09 17:29:35,965 - INFO - 写入文件: /Users/tianli/Downloads/zdwp/zdys_comby 2/data/04deduct/G212_deduct.csv
2025-06-09 17:29:35,966 - INFO - 写入文件: /Users/tianli/Downloads/zdwp/zdys_comby 2/data/04deduct/G074_deduct.csv
2025-06-09 17:29:35,967 - INFO - 写入文件: /Users/tianli/Downloads/zdwp/zdys_comby 2/data/04deduct/G075_deduct.csv
2025-06-09 17:29:35,969 - INFO - 写入文件: /Users/tianli/Downloads/zdwp/zdys_comby 2/data/04deduct/G213_deduct.csv
2025-06-09 17:29:35,970 - INFO - 写入文件: /Users/tianli/Downloads/zdwp/zdys_comby 2/data/04deduct/G134_deduct.csv
2025-06-09 17:29:35,972 - INFO - 写入文件: /Users/tianli/Downloads/zdwp/zdys_comby 2/data/04deduct/G101_deduct.csv
2025-06-09 17:29:35,973 - INFO - 写入文件: /Users/tianli/Downloads/zdwp/zdys_comby 2/data/04deduct/G100_deduct.csv
2025-06-09 17:29:35,974 - INFO - 写入文件: /Users/tianli/Downloads/zdwp/zdys_comby 2/data/04deduct/G193_deduct.csv
2025-06-09 17:29:35,976 - INFO - 写入文件: /Users/tianli/Downloads/zdwp/zdys_comby 2/data/04deduct/G192_deduct.csv
2025-06-09 17:29:35,977 - INFO - 写入文件: /Users/tianli/Downloads/zdwp/zdys_comby 2/data/04deduct/G009_deduct.csv
2025-06-09 17:29:35,978 - INFO - 写入文件: /Users/tianli/Downloads/zdwp/zdys_comby 2/data/04deduct/G008_deduct.csv
2025-06-09 17:29:35,980 - INFO - 写入文件: /Users/tianli/Downloads/zdwp/zdys_comby 2/data/04deduct/G148_deduct.csv
2025-06-09 17:29:35,981 - INFO - 写入文件: /Users/tianli/Downloads/zdwp/zdys_comby 2/data/04deduct/G149_deduct.csv
2025-06-09 17:29:35,983 - INFO - 写入文件: /Users/tianli/Downloads/zdwp/zdys_comby 2/data/04deduct/G226_deduct.csv
2025-06-09 17:29:35,984 - INFO - 写入文件: /Users/tianli/Downloads/zdwp/zdys_comby 2/data/04deduct/G040_deduct.csv
2025-06-09 17:29:35,985 - INFO - 写入文件: /Users/tianli/Downloads/zdwp/zdys_comby 2/data/04deduct/G041_deduct.csv
2025-06-09 17:29:35,987 - INFO - 写入文件: /Users/tianli/Downloads/zdwp/zdys_comby 2/data/04deduct/G227_deduct.csv
2025-06-09 17:29:35,988 - INFO - 写入文件: /Users/tianli/Downloads/zdwp/zdys_comby 2/data/04deduct/G037_deduct.csv
2025-06-09 17:29:35,989 - INFO - 写入文件: /Users/tianli/Downloads/zdwp/zdys_comby 2/data/04deduct/G036_deduct.csv
2025-06-09 17:29:35,991 - INFO - 写入文件: /Users/tianli/Downloads/zdwp/zdys_comby 2/data/04deduct/G176_deduct.csv
2025-06-09 17:29:35,992 - INFO - 写入文件: /Users/tianli/Downloads/zdwp/zdys_comby 2/data/04deduct/G177_deduct.csv
2025-06-09 17:29:35,993 - INFO - 写入文件: /Users/tianli/Downloads/zdwp/zdys_comby 2/data/04deduct/G218_deduct.csv
2025-06-09 17:29:35,995 - INFO - 写入文件: /Users/tianli/Downloads/zdwp/zdys_comby 2/data/04deduct/G219_deduct.csv
2025-06-09 17:29:35,996 - INFO - 写入文件: /Users/tianli/Downloads/zdwp/zdys_comby 2/data/04deduct/G086_deduct.csv
2025-06-09 17:29:35,998 - INFO - 写入文件: /Users/tianli/Downloads/zdwp/zdys_comby 2/data/04deduct/G087_deduct.csv
2025-06-09 17:29:36,001 - INFO - 写入文件: /Users/tianli/Downloads/zdwp/zdys_comby 2/data/04deduct/G014_deduct.csv
2025-06-09 17:29:36,002 - INFO - 写入文件: /Users/tianli/Downloads/zdwp/zdys_comby 2/data/04deduct/G015_deduct.csv
2025-06-09 17:29:36,004 - INFO - 写入文件: /Users/tianli/Downloads/zdwp/zdys_comby 2/data/04deduct/G155_deduct.csv
2025-06-09 17:29:36,005 - INFO - 写入文件: /Users/tianli/Downloads/zdwp/zdys_comby 2/data/04deduct/G154_deduct.csv
2025-06-09 17:29:36,007 - INFO - 写入文件: /Users/tianli/Downloads/zdwp/zdys_comby 2/data/04deduct/G122_deduct.csv
2025-06-09 17:29:36,008 - INFO - 写入文件: /Users/tianli/Downloads/zdwp/zdys_comby 2/data/04deduct/G123_deduct.csv
2025-06-09 17:29:36,010 - INFO - 写入文件: /Users/tianli/Downloads/zdwp/zdys_comby 2/data/04deduct/G205_deduct.csv
2025-06-09 17:29:36,011 - INFO - 写入文件: /Users/tianli/Downloads/zdwp/zdys_comby 2/data/04deduct/G063_deduct.csv
2025-06-09 17:29:36,013 - INFO - 写入文件: /Users/tianli/Downloads/zdwp/zdys_comby 2/data/04deduct/G062_deduct.csv
2025-06-09 17:29:36,014 - INFO - 写入文件: /Users/tianli/Downloads/zdwp/zdys_comby 2/data/04deduct/G204_deduct.csv
2025-06-09 17:29:36,016 - INFO - 写入文件: /Users/tianli/Downloads/zdwp/zdys_comby 2/data/04deduct/G057_deduct.csv
2025-06-09 17:29:36,017 - INFO - 写入文件: /Users/tianli/Downloads/zdwp/zdys_comby 2/data/04deduct/G056_deduct.csv
2025-06-09 17:29:36,019 - INFO - 写入文件: /Users/tianli/Downloads/zdwp/zdys_comby 2/data/04deduct/G184_deduct.csv
2025-06-09 17:29:36,020 - INFO - 写入文件: /Users/tianli/Downloads/zdwp/zdys_comby 2/data/04deduct/G185_deduct.csv
2025-06-09 17:29:36,023 - INFO - 写入文件: /Users/tianli/Downloads/zdwp/zdys_comby 2/data/04deduct/G116_deduct.csv
2025-06-09 17:29:36,024 - INFO - 写入文件: /Users/tianli/Downloads/zdwp/zdys_comby 2/data/04deduct/G117_deduct.csv
2025-06-09 17:29:36,026 - INFO - 写入文件: /Users/tianli/Downloads/zdwp/zdys_comby 2/data/04deduct/G069_deduct.csv
2025-06-09 17:29:36,027 - INFO - 写入文件: /Users/tianli/Downloads/zdwp/zdys_comby 2/data/04deduct/G068_deduct.csv
2025-06-09 17:29:36,029 - INFO - 写入文件: /Users/tianli/Downloads/zdwp/zdys_comby 2/data/04deduct/G161_deduct.csv
2025-06-09 17:29:36,030 - INFO - 写入文件: /Users/tianli/Downloads/zdwp/zdys_comby 2/data/04deduct/G160_deduct.csv
2025-06-09 17:29:36,032 - INFO - 写入文件: /Users/tianli/Downloads/zdwp/zdys_comby 2/data/04deduct/G020_deduct.csv
2025-06-09 17:29:36,033 - INFO - 写入文件: /Users/tianli/Downloads/zdwp/zdys_comby 2/data/04deduct/G021_deduct.csv
2025-06-09 17:29:36,035 - INFO - 写入文件: /Users/tianli/Downloads/zdwp/zdys_comby 2/data/04deduct/G128_deduct.csv
2025-06-09 17:29:36,036 - INFO - 写入文件: /Users/tianli/Downloads/zdwp/zdys_comby 2/data/04deduct/G129_deduct.csv
2025-06-09 17:29:36,037 - INFO - 写入文件: /Users/tianli/Downloads/zdwp/zdys_comby 2/data/04deduct/G013_deduct.csv
2025-06-09 17:29:36,039 - INFO - 写入文件: /Users/tianli/Downloads/zdwp/zdys_comby 2/data/04deduct/G012_deduct.csv
2025-06-09 17:29:36,040 - INFO - 写入文件: /Users/tianli/Downloads/zdwp/zdys_comby 2/data/04deduct/G189_deduct.csv
2025-06-09 17:29:36,042 - INFO - 写入文件: /Users/tianli/Downloads/zdwp/zdys_comby 2/data/04deduct/G188_deduct.csv
2025-06-09 17:29:36,043 - INFO - 写入文件: /Users/tianli/Downloads/zdwp/zdys_comby 2/data/04deduct/G081_deduct.csv
2025-06-09 17:29:36,045 - INFO - 写入文件: /Users/tianli/Downloads/zdwp/zdys_comby 2/data/04deduct/G080_deduct.csv
2025-06-09 17:29:36,046 - INFO - 写入文件: /Users/tianli/Downloads/zdwp/zdys_comby 2/data/04deduct/G152_deduct.csv
2025-06-09 17:29:36,048 - INFO - 写入文件: /Users/tianli/Downloads/zdwp/zdys_comby 2/data/04deduct/G153_deduct.csv
2025-06-09 17:29:36,049 - INFO - 写入文件: /Users/tianli/Downloads/zdwp/zdys_comby 2/data/04deduct/G125_deduct.csv
2025-06-09 17:29:36,051 - INFO - 写入文件: /Users/tianli/Downloads/zdwp/zdys_comby 2/data/04deduct/G124_deduct.csv
2025-06-09 17:29:36,052 - INFO - 写入文件: /Users/tianli/Downloads/zdwp/zdys_comby 2/data/04deduct/G064_deduct.csv
2025-06-09 17:29:36,054 - INFO - 写入文件: /Users/tianli/Downloads/zdwp/zdys_comby 2/data/04deduct/G202_deduct.csv
2025-06-09 17:29:36,056 - INFO - 写入文件: /Users/tianli/Downloads/zdwp/zdys_comby 2/data/04deduct/G203_deduct.csv
2025-06-09 17:29:36,058 - INFO - 写入文件: /Users/tianli/Downloads/zdwp/zdys_comby 2/data/04deduct/G065_deduct.csv
2025-06-09 17:29:36,059 - INFO - 写入文件: /Users/tianli/Downloads/zdwp/zdys_comby 2/data/04deduct/G158_deduct.csv
2025-06-09 17:29:36,061 - INFO - 写入文件: /Users/tianli/Downloads/zdwp/zdys_comby 2/data/04deduct/G159_deduct.csv
2025-06-09 17:29:36,063 - INFO - 写入文件: /Users/tianli/Downloads/zdwp/zdys_comby 2/data/04deduct/G050_deduct.csv
2025-06-09 17:29:36,065 - INFO - 写入文件: /Users/tianli/Downloads/zdwp/zdys_comby 2/data/04deduct/G051_deduct.csv
2025-06-09 17:29:36,066 - INFO - 写入文件: /Users/tianli/Downloads/zdwp/zdys_comby 2/data/04deduct/G111_deduct.csv
2025-06-09 17:29:36,068 - INFO - 写入文件: /Users/tianli/Downloads/zdwp/zdys_comby 2/data/04deduct/G110_deduct.csv
2025-06-09 17:29:36,070 - INFO - 写入文件: /Users/tianli/Downloads/zdwp/zdys_comby 2/data/04deduct/G183_deduct.csv
2025-06-09 17:29:36,072 - INFO - 写入文件: /Users/tianli/Downloads/zdwp/zdys_comby 2/data/04deduct/G182_deduct.csv
2025-06-09 17:29:36,073 - INFO - 写入文件: /Users/tianli/Downloads/zdwp/zdys_comby 2/data/04deduct/G019_deduct.csv
2025-06-09 17:29:36,075 - INFO - 写入文件: /Users/tianli/Downloads/zdwp/zdys_comby 2/data/04deduct/G018_deduct.csv
2025-06-09 17:29:36,076 - INFO - 写入文件: /Users/tianli/Downloads/zdwp/zdys_comby 2/data/04deduct/G166_deduct.csv
2025-06-09 17:29:36,078 - INFO - 写入文件: /Users/tianli/Downloads/zdwp/zdys_comby 2/data/04deduct/G167_deduct.csv
2025-06-09 17:29:36,080 - INFO - 写入文件: /Users/tianli/Downloads/zdwp/zdys_comby 2/data/04deduct/G208_deduct.csv
2025-06-09 17:29:36,082 - INFO - 写入文件: /Users/tianli/Downloads/zdwp/zdys_comby 2/data/04deduct/G209_deduct.csv
2025-06-09 17:29:36,083 - INFO - 写入文件: /Users/tianli/Downloads/zdwp/zdys_comby 2/data/04deduct/G027_deduct.csv
2025-06-09 17:29:36,085 - INFO - 写入文件: /Users/tianli/Downloads/zdwp/zdys_comby 2/data/04deduct/G026_deduct.csv
2025-06-09 17:29:36,087 - INFO - 写入文件: /Users/tianli/Downloads/zdwp/zdys_comby 2/data/04deduct/G145_deduct.csv
2025-06-09 17:29:36,089 - INFO - 写入文件: /Users/tianli/Downloads/zdwp/zdys_comby 2/data/04deduct/G144_deduct.csv
2025-06-09 17:29:36,091 - INFO - 写入文件: /Users/tianli/Downloads/zdwp/zdys_comby 2/data/04deduct/G096_deduct.csv
2025-06-09 17:29:36,093 - INFO - 写入文件: /Users/tianli/Downloads/zdwp/zdys_comby 2/data/04deduct/G097_deduct.csv
2025-06-09 17:29:36,094 - INFO - 写入文件: /Users/tianli/Downloads/zdwp/zdys_comby 2/data/04deduct/G004_deduct.csv
2025-06-09 17:29:36,096 - INFO - 写入文件: /Users/tianli/Downloads/zdwp/zdys_comby 2/data/04deduct/G005_deduct.csv
2025-06-09 17:29:36,098 - INFO - 写入文件: /Users/tianli/Downloads/zdwp/zdys_comby 2/data/04deduct/G073_deduct.csv
2025-06-09 17:29:36,099 - INFO - 写入文件: /Users/tianli/Downloads/zdwp/zdys_comby 2/data/04deduct/G215_deduct.csv
2025-06-09 17:29:36,101 - INFO - 写入文件: /Users/tianli/Downloads/zdwp/zdys_comby 2/data/04deduct/G214_deduct.csv
2025-06-09 17:29:36,103 - INFO - 写入文件: /Users/tianli/Downloads/zdwp/zdys_comby 2/data/04deduct/G072_deduct.csv
2025-06-09 17:29:36,105 - INFO - 写入文件: /Users/tianli/Downloads/zdwp/zdys_comby 2/data/04deduct/G132_deduct.csv
2025-06-09 17:29:36,107 - INFO - 写入文件: /Users/tianli/Downloads/zdwp/zdys_comby 2/data/04deduct/G133_deduct.csv
2025-06-09 17:29:36,109 - INFO - 写入文件: /Users/tianli/Downloads/zdwp/zdys_comby 2/data/04deduct/G194_deduct.csv
2025-06-09 17:29:36,110 - INFO - 写入文件: /Users/tianli/Downloads/zdwp/zdys_comby 2/data/04deduct/G195_deduct.csv
2025-06-09 17:29:36,112 - INFO - 写入文件: /Users/tianli/Downloads/zdwp/zdys_comby 2/data/04deduct/G106_deduct.csv
2025-06-09 17:29:36,114 - INFO - 写入文件: /Users/tianli/Downloads/zdwp/zdys_comby 2/data/04deduct/G107_deduct.csv
2025-06-09 17:29:36,115 - INFO - 写入文件: /Users/tianli/Downloads/zdwp/zdys_comby 2/data/04deduct/G047_deduct.csv
2025-06-09 17:29:36,117 - INFO - 写入文件: /Users/tianli/Downloads/zdwp/zdys_comby 2/data/04deduct/G221_deduct.csv
2025-06-09 17:29:36,119 - INFO - 写入文件: /Users/tianli/Downloads/zdwp/zdys_comby 2/data/04deduct/G220_deduct.csv
2025-06-09 17:29:36,121 - INFO - 写入文件: /Users/tianli/Downloads/zdwp/zdys_comby 2/data/04deduct/G046_deduct.csv
2025-06-09 17:29:36,123 - INFO - 写入文件: /Users/tianli/Downloads/zdwp/zdys_comby 2/data/04deduct/G030_deduct.csv
2025-06-09 17:29:36,125 - INFO - 写入文件: /Users/tianli/Downloads/zdwp/zdys_comby 2/data/04deduct/G031_deduct.csv
2025-06-09 17:29:36,127 - INFO - 写入文件: /Users/tianli/Downloads/zdwp/zdys_comby 2/data/04deduct/G138_deduct.csv
2025-06-09 17:29:36,128 - INFO - 写入文件: /Users/tianli/Downloads/zdwp/zdys_comby 2/data/04deduct/G139_deduct.csv
2025-06-09 17:29:36,131 - INFO - 写入文件: /Users/tianli/Downloads/zdwp/zdys_comby 2/data/04deduct/G079_deduct.csv
2025-06-09 17:29:36,133 - INFO - 写入文件: /Users/tianli/Downloads/zdwp/zdys_comby 2/data/04deduct/G078_deduct.csv
2025-06-09 17:29:36,135 - INFO - 写入文件: /Users/tianli/Downloads/zdwp/zdys_comby 2/data/04deduct/G171_deduct.csv
2025-06-09 17:29:36,136 - INFO - 写入文件: /Users/tianli/Downloads/zdwp/zdys_comby 2/data/04deduct/G170_deduct.csv
2025-06-09 17:29:36,136 - INFO - 开始合并和最终处理
2025-06-09 17:29:36,266 - INFO - 写入文件: /Users/tianli/Downloads/zdwp/zdys_comby 2/data/merge_all.csv
2025-06-09 17:29:36,342 - INFO - 写入文件: /Users/tianli/Downloads/zdwp/zdys_comby 2/data/final.csv
2025-06-09 17:29:36,361 - INFO - 写入文件: /Users/tianli/Downloads/zdwp/zdys_comby 2/output_GHJYL.txt
2025-06-09 17:29:36,362 - INFO - 所有处理步骤执行完成
